#
# There is insufficient memory for the Java Runtime Environment to continue.
# Native memory allocation (malloc) failed to allocate 32744 bytes for ChunkPool::allocate
# Possible reasons:
#   The system is out of physical RAM or swap space
#   The process is running with CompressedOops enabled, and the Java Heap may be blocking the growth of the native heap
# Possible solutions:
#   Reduce memory load on the system
#   Increase physical memory or swap space
#   Check if swap backing store is full
#   Decrease Java heap size (-Xmx/-Xms)
#   Decrease number of Java threads
#   Decrease Java thread stack sizes (-Xss)
#   Set larger code cache with -XX:ReservedCodeCacheSize=
#   JVM is running with Unscaled Compressed Oops mode in which the Java heap is
#     placed in the first 4GB address space. The Java Heap base address is the
#     maximum limit for the native heap growth. Please use -XX:HeapBaseMinAddress
#     to set the Java Heap base and to place the Java Heap above 4GB virtual address.
# This output file may be truncated or incomplete.
#
#  Out of Memory Error (./src/hotspot/share/memory/arena.cpp:81), pid=123748, tid=134056
#
# JRE version: OpenJDK Runtime Environment (11.0.11+9) (build 11.0.11+9-b60-7590822)
# Java VM: OpenJDK 64-Bit Server VM (11.0.11+9-b60-7590822, mixed mode, tiered, compressed oops, g1 gc, windows-amd64)
# No core dump will be written. Minidumps are not enabled by default on client versions of Windows
#

---------------  S U M M A R Y ------------

Command Line: --add-opens=java.base/java.util=ALL-UNNAMED --add-opens=java.base/java.lang=ALL-UNNAMED --add-opens=java.base/java.lang.invoke=ALL-UNNAMED --add-opens=java.base/java.util=ALL-UNNAMED --add-opens=java.prefs/java.util.prefs=ALL-UNNAMED --add-opens=java.prefs/java.util.prefs=ALL-UNNAMED --add-opens=java.base/java.nio.charset=ALL-UNNAMED --add-opens=java.base/java.net=ALL-UNNAMED --add-opens=java.base/java.util.concurrent.atomic=ALL-UNNAMED -XX:MaxMetaspaceSize=256m -XX:+HeapDumpOnOutOfMemoryError -Xms256m -Xmx512m -Dfile.encoding=windows-1252 -Duser.country=FR -Duser.language=fr -Duser.variant org.gradle.launcher.daemon.bootstrap.GradleDaemon 7.4

Host: Intel(R) Core(TM) i5-8300H CPU @ 2.30GHz, 8 cores, 7G,  Windows 10 , 64 bit Build 19041 (10.0.19041.1706)
Time: Thu Jun  2 00:34:53 2022 Paris, Madrid (heure d’été) elapsed time: 25.477231 seconds (0d 0h 0m 25s)

---------------  T H R E A D  ---------------

Current thread (0x000001a1bba89800):  JavaThread "C2 CompilerThread1" daemon [_thread_in_native, id=134056, stack(0x0000009980600000,0x0000009980700000)]


Current CompileTask:
C2:  25477 10432   !   4       java.lang.invoke.MemberName::getMethodType (203 bytes)

Stack: [0x0000009980600000,0x0000009980700000]
Native frames: (J=compiled Java code, j=interpreted, Vv=VM code, C=native code)
V  [jvm.dll+0x5f214a]
V  [jvm.dll+0x726fb5]
V  [jvm.dll+0x7285cd]
V  [jvm.dll+0x728c83]
V  [jvm.dll+0x243278]
V  [jvm.dll+0xbc78b]
V  [jvm.dll+0xbca3c]
V  [jvm.dll+0xbc638]
V  [jvm.dll+0x5d14e0]
V  [jvm.dll+0x62212e]
V  [jvm.dll+0x198a28]
V  [jvm.dll+0x1fc2ee]
V  [jvm.dll+0x1fb3d4]
V  [jvm.dll+0x183d6c]
V  [jvm.dll+0x209a57]
V  [jvm.dll+0x2082a1]
V  [jvm.dll+0x6ef58f]
V  [jvm.dll+0x6e80b5]
V  [jvm.dll+0x5f1036]
C  [ucrtbase.dll+0x21bb2]
C  [KERNEL32.DLL+0x17034]
C  [ntdll.dll+0x52651]


---------------  P R O C E S S  ---------------

Threads class SMR info:
_java_thread_list=0x000001a1b8525dc0, length=44, elements={
0x000001a19c331800, 0x000001a1b2ede800, 0x000001a1b2ee2000, 0x000001a1b376b000,
0x000001a1b376d000, 0x000001a1b3770800, 0x000001a1b3773800, 0x000001a1b3774800,
0x000001a1b3775800, 0x000001a1b38f3800, 0x000001a1b5b7d000, 0x000001a1b512f000,
0x000001a1b5b19000, 0x000001a1b5895000, 0x000001a1b5896000, 0x000001a1b53a6000,
0x000001a1b4f4f800, 0x000001a1b50b6800, 0x000001a1b524a000, 0x000001a1b5249000,
0x000001a1b5248800, 0x000001a1b524c800, 0x000001a1b524b000, 0x000001a1b7b49000,
0x000001a1b7b4a000, 0x000001a1b7b48000, 0x000001a1b7b4a800, 0x000001a1b7b51000,
0x000001a1b7b4b800, 0x000001a1b7b52000, 0x000001a1b7b4c800, 0x000001a1b7b4e800,
0x000001a1b7b53000, 0x000001a1b821c000, 0x000001a1b8216800, 0x000001a1b81b9000,
0x000001a1b81ba800, 0x000001a1b81bb800, 0x000001a1b81bc800, 0x000001a1b81b6800,
0x000001a1b81b7800, 0x000001a1bba88000, 0x000001a1bba89000, 0x000001a1bba89800
}

Java Threads: ( => current thread )
  0x000001a19c331800 JavaThread "main" [_thread_blocked, id=133684, stack(0x00000099f7300000,0x00000099f7400000)]
  0x000001a1b2ede800 JavaThread "Reference Handler" daemon [_thread_blocked, id=130484, stack(0x00000099f7a00000,0x00000099f7b00000)]
  0x000001a1b2ee2000 JavaThread "Finalizer" daemon [_thread_blocked, id=129088, stack(0x00000099f7b00000,0x00000099f7c00000)]
  0x000001a1b376b000 JavaThread "Signal Dispatcher" daemon [_thread_blocked, id=23368, stack(0x00000099f7c00000,0x00000099f7d00000)]
  0x000001a1b376d000 JavaThread "Attach Listener" daemon [_thread_blocked, id=68792, stack(0x00000099f7d00000,0x00000099f7e00000)]
  0x000001a1b3770800 JavaThread "Service Thread" daemon [_thread_blocked, id=115984, stack(0x00000099f7e00000,0x00000099f7f00000)]
  0x000001a1b3773800 JavaThread "C2 CompilerThread0" daemon [_thread_in_native, id=120676, stack(0x00000099f7f00000,0x00000099f8000000)]
  0x000001a1b3774800 JavaThread "C1 CompilerThread0" daemon [_thread_blocked, id=131472, stack(0x00000099f8000000,0x00000099f8100000)]
  0x000001a1b3775800 JavaThread "Sweeper thread" daemon [_thread_blocked, id=129580, stack(0x00000099f8100000,0x00000099f8200000)]
  0x000001a1b38f3800 JavaThread "Common-Cleaner" daemon [_thread_blocked, id=126752, stack(0x00000099f8200000,0x00000099f8300000)]
  0x000001a1b5b7d000 JavaThread "Daemon health stats" [_thread_blocked, id=133548, stack(0x00000099f8900000,0x00000099f8a00000)]
  0x000001a1b512f000 JavaThread "Incoming local TCP Connector on port 64093" [_thread_in_native, id=123172, stack(0x00000099f8a00000,0x00000099f8b00000)]
  0x000001a1b5b19000 JavaThread "Daemon periodic checks" [_thread_blocked, id=125748, stack(0x00000099f8b00000,0x00000099f8c00000)]
  0x000001a1b5895000 JavaThread "Daemon" [_thread_blocked, id=104652, stack(0x00000099f8c00000,0x00000099f8d00000)]
  0x000001a1b5896000 JavaThread "Handler for socket connection from /127.0.0.1:64093 to /127.0.0.1:64094" [_thread_in_native, id=14016, stack(0x00000099f8d00000,0x00000099f8e00000)]
  0x000001a1b53a6000 JavaThread "Cancel handler" [_thread_blocked, id=127192, stack(0x00000099f8e00000,0x00000099f8f00000)]
  0x000001a1b4f4f800 JavaThread "Daemon worker" [_thread_blocked, id=132456, stack(0x00000099f8f00000,0x00000099f9000000)]
  0x000001a1b50b6800 JavaThread "Asynchronous log dispatcher for DefaultDaemonConnection: socket connection from /127.0.0.1:64093 to /127.0.0.1:64094" [_thread_blocked, id=103332, stack(0x00000099f9000000,0x00000099f9100000)]
  0x000001a1b524a000 JavaThread "Cache worker for journal cache (C:\Users\Kyzend\.gradle\caches\journal-1)" [_thread_blocked, id=133104, stack(0x00000099f9300000,0x00000099f9400000)]
  0x000001a1b5249000 JavaThread "File lock request listener" [_thread_in_native, id=116240, stack(0x00000099f9400000,0x00000099f9500000)]
  0x000001a1b5248800 JavaThread "Cache worker for file hash cache (C:\Users\Kyzend\.gradle\caches\7.4\fileHashes)" [_thread_blocked, id=132948, stack(0x00000099f9500000,0x00000099f9600000)]
  0x000001a1b524c800 JavaThread "File watcher server" daemon [_thread_in_native, id=130968, stack(0x00000099f9900000,0x00000099f9a00000)]
  0x000001a1b524b000 JavaThread "File watcher consumer" daemon [_thread_blocked, id=106312, stack(0x00000099f9a00000,0x00000099f9b00000)]
  0x000001a1b7b49000 JavaThread "Cache worker for execution history cache (C:\Users\Kyzend\.gradle\caches\7.4\executionHistory)" [_thread_blocked, id=129048, stack(0x00000099f9f00000,0x00000099fa000000)]
  0x000001a1b7b4a000 JavaThread "jar transforms" [_thread_blocked, id=133792, stack(0x00000099fa000000,0x00000099fa100000)]
  0x000001a1b7b48000 JavaThread "jar transforms Thread 2" [_thread_blocked, id=42396, stack(0x00000099fa100000,0x00000099fa200000)]
  0x000001a1b7b4a800 JavaThread "Cache worker for file content cache (C:\Users\Kyzend\.gradle\caches\7.4\fileContent)" [_thread_blocked, id=130896, stack(0x00000099fa200000,0x00000099fa300000)]
  0x000001a1b7b51000 JavaThread "jar transforms Thread 3" [_thread_blocked, id=126576, stack(0x00000099fa300000,0x00000099fa400000)]
  0x000001a1b7b4b800 JavaThread "jar transforms Thread 4" [_thread_blocked, id=131340, stack(0x00000099fa400000,0x00000099fa500000)]
  0x000001a1b7b52000 JavaThread "jar transforms Thread 5" [_thread_blocked, id=125228, stack(0x00000099fa500000,0x00000099fa600000)]
  0x000001a1b7b4c800 JavaThread "jar transforms Thread 6" [_thread_blocked, id=129080, stack(0x00000099fa600000,0x00000099fa700000)]
  0x000001a1b7b4e800 JavaThread "jar transforms Thread 7" [_thread_blocked, id=27172, stack(0x00000099fa700000,0x00000099fa800000)]
  0x000001a1b7b53000 JavaThread "jar transforms Thread 8" [_thread_blocked, id=127364, stack(0x00000099fa800000,0x00000099fa900000)]
  0x000001a1b821c000 JavaThread "Memory manager" [_thread_blocked, id=132876, stack(0x00000099fcd00000,0x00000099fce00000)]
  0x000001a1b8216800 JavaThread "included builds" [_thread_blocked, id=123356, stack(0x00000099fce00000,0x00000099fcf00000)]
  0x000001a1b81b9000 JavaThread "RMI Scheduler(0)" daemon [_thread_blocked, id=131624, stack(0x0000009980700000,0x0000009980800000)]
  0x000001a1b81ba800 JavaThread "RMI RenewClean-[127.0.0.1:17267,org.jetbrains.kotlin.daemon.common.LoopbackNetworkInterface$ClientLoopbackSocketFactory@63d1affe]" daemon [_thread_blocked, id=101096, stack(0x0000009980a00000,0x0000009980b00000)]
  0x000001a1b81bb800 JavaThread "RMI GC Daemon" daemon [_thread_blocked, id=134100, stack(0x0000009980b00000,0x0000009980c00000)]
  0x000001a1b81bc800 JavaThread "RMI TCP Accept-0" daemon [_thread_in_native, id=133428, stack(0x0000009980c00000,0x0000009980d00000)]
  0x000001a1b81b6800 JavaThread "RMI Reaper" [_thread_blocked, id=134132, stack(0x0000009980d00000,0x0000009980e00000)]
  0x000001a1b81b7800 JavaThread "RMI TCP Connection(1)-127.0.0.1" daemon [_thread_in_native, id=132448, stack(0x0000009980e00000,0x0000009980f00000)]
  0x000001a1bba88000 JavaThread "RMI RenewClean-[127.0.0.1:17267,org.jetbrains.kotlin.daemon.common.LoopbackNetworkInterface$ClientLoopbackSocketFactory@9357640]" daemon [_thread_blocked, id=132472, stack(0x0000009980f00000,0x0000009981000000)]
  0x000001a1bba89000 JavaThread "RMI TCP Connection(2)-127.0.0.1" daemon [_thread_in_native, id=132008, stack(0x0000009981000000,0x0000009981100000)]
=>0x000001a1bba89800 JavaThread "C2 CompilerThread1" daemon [_thread_in_native, id=134056, stack(0x0000009980600000,0x0000009980700000)]

Other Threads:
  0x000001a1b3717800 VMThread "VM Thread" [stack: 0x00000099f7900000,0x00000099f7a00000] [id=5004]
  0x000001a1b3912000 WatcherThread [stack: 0x00000099f8300000,0x00000099f8400000] [id=57768]
  0x000001a19c34a000 GCTaskThread "GC Thread#0" [stack: 0x00000099f7400000,0x00000099f7500000] [id=131832]
  0x000001a1b460c000 GCTaskThread "GC Thread#1" [stack: 0x00000099f8400000,0x00000099f8500000] [id=133128]
  0x000001a1b44ce800 GCTaskThread "GC Thread#2" [stack: 0x00000099f8500000,0x00000099f8600000] [id=102732]
  0x000001a1b43bb000 GCTaskThread "GC Thread#3" [stack: 0x00000099f8600000,0x00000099f8700000] [id=130160]
  0x000001a1b43bc000 GCTaskThread "GC Thread#4" [stack: 0x00000099f8700000,0x00000099f8800000] [id=130532]
  0x000001a1b44c1800 GCTaskThread "GC Thread#5" [stack: 0x00000099f8800000,0x00000099f8900000] [id=44132]
  0x000001a1b5d20800 GCTaskThread "GC Thread#6" [stack: 0x00000099f9600000,0x00000099f9700000] [id=130104]
  0x000001a1b5250800 GCTaskThread "GC Thread#7" [stack: 0x00000099f9700000,0x00000099f9800000] [id=129140]
  0x000001a19c35b800 ConcurrentGCThread "G1 Main Marker" [stack: 0x00000099f7500000,0x00000099f7600000] [id=130888]
  0x000001a19c35e000 ConcurrentGCThread "G1 Conc#0" [stack: 0x00000099f7600000,0x00000099f7700000] [id=126788]
  0x000001a1b5998800 ConcurrentGCThread "G1 Conc#1" [stack: 0x00000099f9800000,0x00000099f9900000] [id=128812]
  0x000001a19c40d800 ConcurrentGCThread "G1 Refine#0" [stack: 0x00000099f7700000,0x00000099f7800000] [id=124072]
  0x000001a1b38fb000 ConcurrentGCThread "G1 Refine#1" [stack: 0x0000009980200000,0x0000009980300000] [id=97328]
  0x000001a1b38ff800 ConcurrentGCThread "G1 Refine#2" [stack: 0x0000009980300000,0x0000009980400000] [id=131216]
  0x000001a19c40e800 ConcurrentGCThread "G1 Young RemSet Sampling" [stack: 0x00000099f7800000,0x00000099f7900000] [id=126416]

Threads with active compile tasks:
C2 CompilerThread0  25531 10419       4       org.apache.commons.io.FilenameUtils::doNormalize (534 bytes)
C2 CompilerThread1  25531 10432   !   4       java.lang.invoke.MemberName::getMethodType (203 bytes)

VM state:not at safepoint (normal execution)

VM Mutex/Monitor currently owned by a thread: None

Heap address: 0x00000000e0000000, size: 512 MB, Compressed Oops mode: 32-bit
Narrow klass base: 0x0000000000000000, Narrow klass shift: 3
Compressed class space size: 260046848 Address: 0x0000000100000000

Heap:
 garbage-first heap   total 262144K, used 146338K [0x00000000e0000000, 0x0000000100000000)
  region size 1024K, 86 young (88064K), 5 survivors (5120K)
 Metaspace       used 86396K, capacity 89008K, committed 89292K, reserved 331776K
  class space    used 11242K, capacity 12216K, committed 12288K, reserved 253952K
Heap Regions: E=young(eden), S=young(survivor), O=old, HS=humongous(starts), HC=humongous(continues), CS=collection set, F=free, A=archive, TAMS=top-at-mark-start (previous, next)
|   0|0x00000000e0000000, 0x00000000e0100000, 0x00000000e0100000|100%| O|  |TAMS 0x00000000e0100000, 0x00000000e0000000| Untracked 
|   1|0x00000000e0100000, 0x00000000e0200000, 0x00000000e0200000|100%| O|  |TAMS 0x00000000e0200000, 0x00000000e0100000| Untracked 
|   2|0x00000000e0200000, 0x00000000e0300000, 0x00000000e0300000|100%| O|  |TAMS 0x00000000e0300000, 0x00000000e0200000| Untracked 
|   3|0x00000000e0300000, 0x00000000e0400000, 0x00000000e0400000|100%|HS|  |TAMS 0x00000000e0400000, 0x00000000e0300000| Complete 
|   4|0x00000000e0400000, 0x00000000e0500000, 0x00000000e0500000|100%|HC|  |TAMS 0x00000000e0500000, 0x00000000e0400000| Complete 
|   5|0x00000000e0500000, 0x00000000e0600000, 0x00000000e0600000|100%|HC|  |TAMS 0x00000000e0600000, 0x00000000e0500000| Complete 
|   6|0x00000000e0600000, 0x00000000e0700000, 0x00000000e0700000|100%| O|  |TAMS 0x00000000e0700000, 0x00000000e0600000| Untracked 
|   7|0x00000000e0700000, 0x00000000e0800000, 0x00000000e0800000|100%| O|  |TAMS 0x00000000e0800000, 0x00000000e0700000| Untracked 
|   8|0x00000000e0800000, 0x00000000e0900000, 0x00000000e0900000|100%| O|  |TAMS 0x00000000e0900000, 0x00000000e0800000| Untracked 
|   9|0x00000000e0900000, 0x00000000e0a00000, 0x00000000e0a00000|100%| O|  |TAMS 0x00000000e0a00000, 0x00000000e0900000| Untracked 
|  10|0x00000000e0a00000, 0x00000000e0b00000, 0x00000000e0b00000|100%| O|  |TAMS 0x00000000e0b00000, 0x00000000e0a00000| Untracked 
|  11|0x00000000e0b00000, 0x00000000e0c00000, 0x00000000e0c00000|100%| O|  |TAMS 0x00000000e0c00000, 0x00000000e0b00000| Untracked 
|  12|0x00000000e0c00000, 0x00000000e0d00000, 0x00000000e0d00000|100%| O|  |TAMS 0x00000000e0d00000, 0x00000000e0c00000| Untracked 
|  13|0x00000000e0d00000, 0x00000000e0e00000, 0x00000000e0e00000|100%| O|  |TAMS 0x00000000e0e00000, 0x00000000e0d00000| Untracked 
|  14|0x00000000e0e00000, 0x00000000e0f00000, 0x00000000e0f00000|100%| O|  |TAMS 0x00000000e0f00000, 0x00000000e0e00000| Untracked 
|  15|0x00000000e0f00000, 0x00000000e1000000, 0x00000000e1000000|100%| O|  |TAMS 0x00000000e1000000, 0x00000000e0f00000| Untracked 
|  16|0x00000000e1000000, 0x00000000e1100000, 0x00000000e1100000|100%| O|  |TAMS 0x00000000e1100000, 0x00000000e1000000| Untracked 
|  17|0x00000000e1100000, 0x00000000e1200000, 0x00000000e1200000|100%| O|  |TAMS 0x00000000e1200000, 0x00000000e1100000| Untracked 
|  18|0x00000000e1200000, 0x00000000e1300000, 0x00000000e1300000|100%| O|  |TAMS 0x00000000e1300000, 0x00000000e1200000| Untracked 
|  19|0x00000000e1300000, 0x00000000e1400000, 0x00000000e1400000|100%| O|  |TAMS 0x00000000e1400000, 0x00000000e1300000| Untracked 
|  20|0x00000000e1400000, 0x00000000e1500000, 0x00000000e1500000|100%| O|  |TAMS 0x00000000e1500000, 0x00000000e1400000| Untracked 
|  21|0x00000000e1500000, 0x00000000e1600000, 0x00000000e1600000|100%| O|  |TAMS 0x00000000e1600000, 0x00000000e1500000| Untracked 
|  22|0x00000000e1600000, 0x00000000e1700000, 0x00000000e1700000|100%| O|  |TAMS 0x00000000e1700000, 0x00000000e1600000| Untracked 
|  23|0x00000000e1700000, 0x00000000e1800000, 0x00000000e1800000|100%| O|  |TAMS 0x00000000e1800000, 0x00000000e1700000| Untracked 
|  24|0x00000000e1800000, 0x00000000e1900000, 0x00000000e1900000|100%| O|  |TAMS 0x00000000e1900000, 0x00000000e1800000| Untracked 
|  25|0x00000000e1900000, 0x00000000e1a00000, 0x00000000e1a00000|100%| O|  |TAMS 0x00000000e1a00000, 0x00000000e1900000| Untracked 
|  26|0x00000000e1a00000, 0x00000000e1b00000, 0x00000000e1b00000|100%| O|  |TAMS 0x00000000e1b00000, 0x00000000e1a00000| Untracked 
|  27|0x00000000e1b00000, 0x00000000e1c00000, 0x00000000e1c00000|100%| O|  |TAMS 0x00000000e1c00000, 0x00000000e1b00000| Untracked 
|  28|0x00000000e1c00000, 0x00000000e1d00000, 0x00000000e1d00000|100%| O|  |TAMS 0x00000000e1d00000, 0x00000000e1c00000| Untracked 
|  29|0x00000000e1d00000, 0x00000000e1e00000, 0x00000000e1e00000|100%| O|  |TAMS 0x00000000e1e00000, 0x00000000e1d00000| Untracked 
|  30|0x00000000e1e00000, 0x00000000e1f00000, 0x00000000e1f00000|100%| O|  |TAMS 0x00000000e1f00000, 0x00000000e1e00000| Untracked 
|  31|0x00000000e1f00000, 0x00000000e2000000, 0x00000000e2000000|100%| O|  |TAMS 0x00000000e2000000, 0x00000000e1f00000| Untracked 
|  32|0x00000000e2000000, 0x00000000e2100000, 0x00000000e2100000|100%| O|  |TAMS 0x00000000e2100000, 0x00000000e2000000| Untracked 
|  33|0x00000000e2100000, 0x00000000e2200000, 0x00000000e2200000|100%| O|  |TAMS 0x00000000e2200000, 0x00000000e2100000| Untracked 
|  34|0x00000000e2200000, 0x00000000e2300000, 0x00000000e2300000|100%| O|  |TAMS 0x00000000e2300000, 0x00000000e2200000| Untracked 
|  35|0x00000000e2300000, 0x00000000e2400000, 0x00000000e2400000|100%| O|  |TAMS 0x00000000e23b7800, 0x00000000e2300000| Untracked 
|  36|0x00000000e2400000, 0x00000000e2500000, 0x00000000e2500000|100%|HS|  |TAMS 0x00000000e2400000, 0x00000000e2400000| Complete 
|  37|0x00000000e2500000, 0x00000000e2600000, 0x00000000e2600000|100%|HS|  |TAMS 0x00000000e2500000, 0x00000000e2500000| Complete 
|  38|0x00000000e2600000, 0x00000000e2700000, 0x00000000e2700000|100%|HC|  |TAMS 0x00000000e2600000, 0x00000000e2600000| Complete 
|  39|0x00000000e2700000, 0x00000000e2800000, 0x00000000e2800000|100%|HC|  |TAMS 0x00000000e2700000, 0x00000000e2700000| Complete 
|  40|0x00000000e2800000, 0x00000000e2900000, 0x00000000e2900000|100%| O|  |TAMS 0x00000000e2800000, 0x00000000e2800000| Untracked 
|  41|0x00000000e2900000, 0x00000000e2a00000, 0x00000000e2a00000|100%| O|  |TAMS 0x00000000e2900000, 0x00000000e2900000| Untracked 
|  42|0x00000000e2a00000, 0x00000000e2b00000, 0x00000000e2b00000|100%| O|  |TAMS 0x00000000e2a00000, 0x00000000e2a00000| Untracked 
|  43|0x00000000e2b00000, 0x00000000e2c00000, 0x00000000e2c00000|100%| O|  |TAMS 0x00000000e2b00000, 0x00000000e2b00000| Untracked 
|  44|0x00000000e2c00000, 0x00000000e2d00000, 0x00000000e2d00000|100%| O|  |TAMS 0x00000000e2c00000, 0x00000000e2c00000| Untracked 
|  45|0x00000000e2d00000, 0x00000000e2e00000, 0x00000000e2e00000|100%| O|  |TAMS 0x00000000e2d00000, 0x00000000e2d00000| Untracked 
|  46|0x00000000e2e00000, 0x00000000e2f00000, 0x00000000e2f00000|100%| O|  |TAMS 0x00000000e2e00000, 0x00000000e2e00000| Untracked 
|  47|0x00000000e2f00000, 0x00000000e3000000, 0x00000000e3000000|100%| O|  |TAMS 0x00000000e2f00000, 0x00000000e2f00000| Untracked 
|  48|0x00000000e3000000, 0x00000000e3100000, 0x00000000e3100000|100%| O|  |TAMS 0x00000000e3000000, 0x00000000e3000000| Untracked 
|  49|0x00000000e3100000, 0x00000000e3200000, 0x00000000e3200000|100%| O|  |TAMS 0x00000000e3100000, 0x00000000e3100000| Untracked 
|  50|0x00000000e3200000, 0x00000000e3300000, 0x00000000e3300000|100%| O|  |TAMS 0x00000000e3200000, 0x00000000e3200000| Untracked 
|  51|0x00000000e3300000, 0x00000000e3400000, 0x00000000e3400000|100%| O|  |TAMS 0x00000000e3300000, 0x00000000e3300000| Untracked 
|  52|0x00000000e3400000, 0x00000000e3500000, 0x00000000e3500000|100%| O|  |TAMS 0x00000000e3400000, 0x00000000e3400000| Untracked 
|  53|0x00000000e3500000, 0x00000000e3600000, 0x00000000e3600000|100%| O|  |TAMS 0x00000000e3500000, 0x00000000e3500000| Untracked 
|  54|0x00000000e3600000, 0x00000000e3700000, 0x00000000e3700000|100%| O|  |TAMS 0x00000000e3600000, 0x00000000e3600000| Untracked 
|  55|0x00000000e3700000, 0x00000000e3800000, 0x00000000e3800000|100%| O|  |TAMS 0x00000000e3700000, 0x00000000e3700000| Untracked 
|  56|0x00000000e3800000, 0x00000000e3800000, 0x00000000e3900000|  0%| F|  |TAMS 0x00000000e3800000, 0x00000000e3800000| Untracked 
|  57|0x00000000e3900000, 0x00000000e3900000, 0x00000000e3a00000|  0%| F|  |TAMS 0x00000000e3900000, 0x00000000e3900000| Untracked 
|  58|0x00000000e3a00000, 0x00000000e3a00000, 0x00000000e3b00000|  0%| F|  |TAMS 0x00000000e3a00000, 0x00000000e3a00000| Untracked 
|  59|0x00000000e3b00000, 0x00000000e3c00000, 0x00000000e3c00000|100%| O|  |TAMS 0x00000000e3b00000, 0x00000000e3b00000| Untracked 
|  60|0x00000000e3c00000, 0x00000000e3d00000, 0x00000000e3d00000|100%| O|  |TAMS 0x00000000e3c00000, 0x00000000e3c00000| Untracked 
|  61|0x00000000e3d00000, 0x00000000e3e00000, 0x00000000e3e00000|100%| O|  |TAMS 0x00000000e3d00000, 0x00000000e3d00000| Untracked 
|  62|0x00000000e3e00000, 0x00000000e3ea8808, 0x00000000e3f00000| 65%| O|  |TAMS 0x00000000e3e00000, 0x00000000e3e00000| Untracked 
|  63|0x00000000e3f00000, 0x00000000e3f00000, 0x00000000e4000000|  0%| F|  |TAMS 0x00000000e3f00000, 0x00000000e3f00000| Untracked 
|  64|0x00000000e4000000, 0x00000000e4000000, 0x00000000e4100000|  0%| F|  |TAMS 0x00000000e4000000, 0x00000000e4000000| Untracked 
|  65|0x00000000e4100000, 0x00000000e4100000, 0x00000000e4200000|  0%| F|  |TAMS 0x00000000e4100000, 0x00000000e4100000| Untracked 
|  66|0x00000000e4200000, 0x00000000e4200000, 0x00000000e4300000|  0%| F|  |TAMS 0x00000000e4200000, 0x00000000e4200000| Untracked 
|  67|0x00000000e4300000, 0x00000000e4300000, 0x00000000e4400000|  0%| F|  |TAMS 0x00000000e4300000, 0x00000000e4300000| Untracked 
|  68|0x00000000e4400000, 0x00000000e4400000, 0x00000000e4500000|  0%| F|  |TAMS 0x00000000e4400000, 0x00000000e4400000| Untracked 
|  69|0x00000000e4500000, 0x00000000e4500000, 0x00000000e4600000|  0%| F|  |TAMS 0x00000000e4500000, 0x00000000e4500000| Untracked 
|  70|0x00000000e4600000, 0x00000000e4600000, 0x00000000e4700000|  0%| F|  |TAMS 0x00000000e4600000, 0x00000000e4600000| Untracked 
|  71|0x00000000e4700000, 0x00000000e4700000, 0x00000000e4800000|  0%| F|  |TAMS 0x00000000e4700000, 0x00000000e4700000| Untracked 
|  72|0x00000000e4800000, 0x00000000e4800000, 0x00000000e4900000|  0%| F|  |TAMS 0x00000000e4800000, 0x00000000e4800000| Untracked 
|  73|0x00000000e4900000, 0x00000000e4900000, 0x00000000e4a00000|  0%| F|  |TAMS 0x00000000e4900000, 0x00000000e4900000| Untracked 
|  74|0x00000000e4a00000, 0x00000000e4a00000, 0x00000000e4b00000|  0%| F|  |TAMS 0x00000000e4a00000, 0x00000000e4a00000| Untracked 
|  75|0x00000000e4b00000, 0x00000000e4b00000, 0x00000000e4c00000|  0%| F|  |TAMS 0x00000000e4b00000, 0x00000000e4b00000| Untracked 
|  76|0x00000000e4c00000, 0x00000000e4c00000, 0x00000000e4d00000|  0%| F|  |TAMS 0x00000000e4c00000, 0x00000000e4c00000| Untracked 
|  77|0x00000000e4d00000, 0x00000000e4d00000, 0x00000000e4e00000|  0%| F|  |TAMS 0x00000000e4d00000, 0x00000000e4d00000| Untracked 
|  78|0x00000000e4e00000, 0x00000000e4e00000, 0x00000000e4f00000|  0%| F|  |TAMS 0x00000000e4e00000, 0x00000000e4e00000| Untracked 
|  79|0x00000000e4f00000, 0x00000000e4f00000, 0x00000000e5000000|  0%| F|  |TAMS 0x00000000e4f00000, 0x00000000e4f00000| Untracked 
|  80|0x00000000e5000000, 0x00000000e5000000, 0x00000000e5100000|  0%| F|  |TAMS 0x00000000e5000000, 0x00000000e5000000| Untracked 
|  81|0x00000000e5100000, 0x00000000e5100000, 0x00000000e5200000|  0%| F|  |TAMS 0x00000000e5100000, 0x00000000e5100000| Untracked 
|  82|0x00000000e5200000, 0x00000000e5200000, 0x00000000e5300000|  0%| F|  |TAMS 0x00000000e5200000, 0x00000000e5200000| Untracked 
|  83|0x00000000e5300000, 0x00000000e5300000, 0x00000000e5400000|  0%| F|  |TAMS 0x00000000e5300000, 0x00000000e5300000| Untracked 
|  84|0x00000000e5400000, 0x00000000e5400000, 0x00000000e5500000|  0%| F|  |TAMS 0x00000000e5400000, 0x00000000e5400000| Untracked 
|  85|0x00000000e5500000, 0x00000000e5500000, 0x00000000e5600000|  0%| F|  |TAMS 0x00000000e5500000, 0x00000000e5500000| Untracked 
|  86|0x00000000e5600000, 0x00000000e5600000, 0x00000000e5700000|  0%| F|  |TAMS 0x00000000e5600000, 0x00000000e5600000| Untracked 
|  87|0x00000000e5700000, 0x00000000e5700000, 0x00000000e5800000|  0%| F|  |TAMS 0x00000000e5700000, 0x00000000e5700000| Untracked 
|  88|0x00000000e5800000, 0x00000000e5800000, 0x00000000e5900000|  0%| F|  |TAMS 0x00000000e5800000, 0x00000000e5800000| Untracked 
|  89|0x00000000e5900000, 0x00000000e5900000, 0x00000000e5a00000|  0%| F|  |TAMS 0x00000000e5900000, 0x00000000e5900000| Untracked 
|  90|0x00000000e5a00000, 0x00000000e5a00000, 0x00000000e5b00000|  0%| F|  |TAMS 0x00000000e5a00000, 0x00000000e5a00000| Untracked 
|  91|0x00000000e5b00000, 0x00000000e5b00000, 0x00000000e5c00000|  0%| F|  |TAMS 0x00000000e5b00000, 0x00000000e5b00000| Untracked 
|  92|0x00000000e5c00000, 0x00000000e5c00000, 0x00000000e5d00000|  0%| F|  |TAMS 0x00000000e5c00000, 0x00000000e5c00000| Untracked 
|  93|0x00000000e5d00000, 0x00000000e5d00000, 0x00000000e5e00000|  0%| F|  |TAMS 0x00000000e5d00000, 0x00000000e5d00000| Untracked 
|  94|0x00000000e5e00000, 0x00000000e5e00000, 0x00000000e5f00000|  0%| F|  |TAMS 0x00000000e5e00000, 0x00000000e5e00000| Untracked 
|  95|0x00000000e5f00000, 0x00000000e5f00000, 0x00000000e6000000|  0%| F|  |TAMS 0x00000000e5f00000, 0x00000000e5f00000| Untracked 
|  96|0x00000000e6000000, 0x00000000e6000000, 0x00000000e6100000|  0%| F|  |TAMS 0x00000000e6000000, 0x00000000e6000000| Untracked 
|  97|0x00000000e6100000, 0x00000000e6100000, 0x00000000e6200000|  0%| F|  |TAMS 0x00000000e6100000, 0x00000000e6100000| Untracked 
|  98|0x00000000e6200000, 0x00000000e6200000, 0x00000000e6300000|  0%| F|  |TAMS 0x00000000e6200000, 0x00000000e6200000| Untracked 
|  99|0x00000000e6300000, 0x00000000e6300000, 0x00000000e6400000|  0%| F|  |TAMS 0x00000000e6300000, 0x00000000e6300000| Untracked 
| 100|0x00000000e6400000, 0x00000000e6400000, 0x00000000e6500000|  0%| F|  |TAMS 0x00000000e6400000, 0x00000000e6400000| Untracked 
| 101|0x00000000e6500000, 0x00000000e6500000, 0x00000000e6600000|  0%| F|  |TAMS 0x00000000e6500000, 0x00000000e6500000| Untracked 
| 102|0x00000000e6600000, 0x00000000e6600000, 0x00000000e6700000|  0%| F|  |TAMS 0x00000000e6600000, 0x00000000e6600000| Untracked 
| 103|0x00000000e6700000, 0x00000000e6700000, 0x00000000e6800000|  0%| F|  |TAMS 0x00000000e6700000, 0x00000000e6700000| Untracked 
| 104|0x00000000e6800000, 0x00000000e6800000, 0x00000000e6900000|  0%| F|  |TAMS 0x00000000e6800000, 0x00000000e6800000| Untracked 
| 105|0x00000000e6900000, 0x00000000e6900000, 0x00000000e6a00000|  0%| F|  |TAMS 0x00000000e6900000, 0x00000000e6900000| Untracked 
| 106|0x00000000e6a00000, 0x00000000e6a403b8, 0x00000000e6b00000| 25%| S|CS|TAMS 0x00000000e6a00000, 0x00000000e6a00000| Complete 
| 107|0x00000000e6b00000, 0x00000000e6c00000, 0x00000000e6c00000|100%| S|CS|TAMS 0x00000000e6b00000, 0x00000000e6b00000| Complete 
| 108|0x00000000e6c00000, 0x00000000e6d00000, 0x00000000e6d00000|100%| S|CS|TAMS 0x00000000e6c00000, 0x00000000e6c00000| Complete 
| 109|0x00000000e6d00000, 0x00000000e6d00000, 0x00000000e6e00000|  0%| F|  |TAMS 0x00000000e6d00000, 0x00000000e6d00000| Untracked 
| 110|0x00000000e6e00000, 0x00000000e6e00000, 0x00000000e6f00000|  0%| F|  |TAMS 0x00000000e6e00000, 0x00000000e6e00000| Untracked 
| 111|0x00000000e6f00000, 0x00000000e6f00000, 0x00000000e7000000|  0%| F|  |TAMS 0x00000000e6f00000, 0x00000000e6f00000| Untracked 
| 112|0x00000000e7000000, 0x00000000e7000000, 0x00000000e7100000|  0%| F|  |TAMS 0x00000000e7000000, 0x00000000e7000000| Untracked 
| 113|0x00000000e7100000, 0x00000000e7100000, 0x00000000e7200000|  0%| F|  |TAMS 0x00000000e7100000, 0x00000000e7100000| Untracked 
| 114|0x00000000e7200000, 0x00000000e7200000, 0x00000000e7300000|  0%| F|  |TAMS 0x00000000e7200000, 0x00000000e7200000| Untracked 
| 115|0x00000000e7300000, 0x00000000e7300000, 0x00000000e7400000|  0%| F|  |TAMS 0x00000000e7300000, 0x00000000e7300000| Untracked 
| 116|0x00000000e7400000, 0x00000000e7400000, 0x00000000e7500000|  0%| F|  |TAMS 0x00000000e7400000, 0x00000000e7400000| Untracked 
| 117|0x00000000e7500000, 0x00000000e7600000, 0x00000000e7600000|100%| S|CS|TAMS 0x00000000e7500000, 0x00000000e7500000| Complete 
| 118|0x00000000e7600000, 0x00000000e7700000, 0x00000000e7700000|100%| S|CS|TAMS 0x00000000e7600000, 0x00000000e7600000| Complete 
| 119|0x00000000e7700000, 0x00000000e7700000, 0x00000000e7800000|  0%| F|  |TAMS 0x00000000e7700000, 0x00000000e7700000| Untracked 
| 120|0x00000000e7800000, 0x00000000e7800000, 0x00000000e7900000|  0%| F|  |TAMS 0x00000000e7800000, 0x00000000e7800000| Untracked 
| 121|0x00000000e7900000, 0x00000000e7900000, 0x00000000e7a00000|  0%| F|  |TAMS 0x00000000e7900000, 0x00000000e7900000| Untracked 
| 122|0x00000000e7a00000, 0x00000000e7a00000, 0x00000000e7b00000|  0%| F|  |TAMS 0x00000000e7a00000, 0x00000000e7a00000| Untracked 
| 123|0x00000000e7b00000, 0x00000000e7b00000, 0x00000000e7c00000|  0%| F|  |TAMS 0x00000000e7b00000, 0x00000000e7b00000| Untracked 
| 124|0x00000000e7c00000, 0x00000000e7c00000, 0x00000000e7d00000|  0%| F|  |TAMS 0x00000000e7c00000, 0x00000000e7c00000| Untracked 
| 125|0x00000000e7d00000, 0x00000000e7d00000, 0x00000000e7e00000|  0%| F|  |TAMS 0x00000000e7d00000, 0x00000000e7d00000| Untracked 
| 126|0x00000000e7e00000, 0x00000000e7e00000, 0x00000000e7f00000|  0%| F|  |TAMS 0x00000000e7e00000, 0x00000000e7e00000| Untracked 
| 127|0x00000000e7f00000, 0x00000000e7f00000, 0x00000000e8000000|  0%| F|  |TAMS 0x00000000e7f00000, 0x00000000e7f00000| Untracked 
| 128|0x00000000e8000000, 0x00000000e8000000, 0x00000000e8100000|  0%| F|  |TAMS 0x00000000e8000000, 0x00000000e8000000| Untracked 
| 129|0x00000000e8100000, 0x00000000e8100000, 0x00000000e8200000|  0%| F|  |TAMS 0x00000000e8100000, 0x00000000e8100000| Untracked 
| 130|0x00000000e8200000, 0x00000000e8200000, 0x00000000e8300000|  0%| F|  |TAMS 0x00000000e8200000, 0x00000000e8200000| Untracked 
| 131|0x00000000e8300000, 0x00000000e8300000, 0x00000000e8400000|  0%| F|  |TAMS 0x00000000e8300000, 0x00000000e8300000| Untracked 
| 132|0x00000000e8400000, 0x00000000e8400000, 0x00000000e8500000|  0%| F|  |TAMS 0x00000000e8400000, 0x00000000e8400000| Untracked 
| 133|0x00000000e8500000, 0x00000000e8500000, 0x00000000e8600000|  0%| F|  |TAMS 0x00000000e8500000, 0x00000000e8500000| Untracked 
| 134|0x00000000e8600000, 0x00000000e8600000, 0x00000000e8700000|  0%| F|  |TAMS 0x00000000e8600000, 0x00000000e8600000| Untracked 
| 135|0x00000000e8700000, 0x00000000e8700000, 0x00000000e8800000|  0%| F|  |TAMS 0x00000000e8700000, 0x00000000e8700000| Untracked 
| 136|0x00000000e8800000, 0x00000000e8800000, 0x00000000e8900000|  0%| F|  |TAMS 0x00000000e8800000, 0x00000000e8800000| Untracked 
| 137|0x00000000e8900000, 0x00000000e8900000, 0x00000000e8a00000|  0%| F|  |TAMS 0x00000000e8900000, 0x00000000e8900000| Untracked 
| 138|0x00000000e8a00000, 0x00000000e8a00000, 0x00000000e8b00000|  0%| F|  |TAMS 0x00000000e8a00000, 0x00000000e8a00000| Untracked 
| 139|0x00000000e8b00000, 0x00000000e8b00000, 0x00000000e8c00000|  0%| F|  |TAMS 0x00000000e8b00000, 0x00000000e8b00000| Untracked 
| 140|0x00000000e8c00000, 0x00000000e8c00000, 0x00000000e8d00000|  0%| F|  |TAMS 0x00000000e8c00000, 0x00000000e8c00000| Untracked 
| 141|0x00000000e8d00000, 0x00000000e8d00000, 0x00000000e8e00000|  0%| F|  |TAMS 0x00000000e8d00000, 0x00000000e8d00000| Untracked 
| 142|0x00000000e8e00000, 0x00000000e8e00000, 0x00000000e8f00000|  0%| F|  |TAMS 0x00000000e8e00000, 0x00000000e8e00000| Untracked 
| 143|0x00000000e8f00000, 0x00000000e8f00000, 0x00000000e9000000|  0%| F|  |TAMS 0x00000000e8f00000, 0x00000000e8f00000| Untracked 
| 144|0x00000000e9000000, 0x00000000e9000000, 0x00000000e9100000|  0%| F|  |TAMS 0x00000000e9000000, 0x00000000e9000000| Untracked 
| 145|0x00000000e9100000, 0x00000000e9100000, 0x00000000e9200000|  0%| F|  |TAMS 0x00000000e9100000, 0x00000000e9100000| Untracked 
| 146|0x00000000e9200000, 0x00000000e9200000, 0x00000000e9300000|  0%| F|  |TAMS 0x00000000e9200000, 0x00000000e9200000| Untracked 
| 147|0x00000000e9300000, 0x00000000e9300000, 0x00000000e9400000|  0%| F|  |TAMS 0x00000000e9300000, 0x00000000e9300000| Untracked 
| 148|0x00000000e9400000, 0x00000000e9400000, 0x00000000e9500000|  0%| F|  |TAMS 0x00000000e9400000, 0x00000000e9400000| Untracked 
| 149|0x00000000e9500000, 0x00000000e9500000, 0x00000000e9600000|  0%| F|  |TAMS 0x00000000e9500000, 0x00000000e9500000| Untracked 
| 150|0x00000000e9600000, 0x00000000e9600000, 0x00000000e9700000|  0%| F|  |TAMS 0x00000000e9600000, 0x00000000e9600000| Untracked 
| 151|0x00000000e9700000, 0x00000000e9700000, 0x00000000e9800000|  0%| F|  |TAMS 0x00000000e9700000, 0x00000000e9700000| Untracked 
| 152|0x00000000e9800000, 0x00000000e9800000, 0x00000000e9900000|  0%| F|  |TAMS 0x00000000e9800000, 0x00000000e9800000| Untracked 
| 153|0x00000000e9900000, 0x00000000e9900000, 0x00000000e9a00000|  0%| F|  |TAMS 0x00000000e9900000, 0x00000000e9900000| Untracked 
| 154|0x00000000e9a00000, 0x00000000e9a00000, 0x00000000e9b00000|  0%| F|  |TAMS 0x00000000e9a00000, 0x00000000e9a00000| Untracked 
| 155|0x00000000e9b00000, 0x00000000e9b00000, 0x00000000e9c00000|  0%| F|  |TAMS 0x00000000e9b00000, 0x00000000e9b00000| Untracked 
| 156|0x00000000e9c00000, 0x00000000e9c00000, 0x00000000e9d00000|  0%| F|  |TAMS 0x00000000e9c00000, 0x00000000e9c00000| Untracked 
| 157|0x00000000e9d00000, 0x00000000e9d00000, 0x00000000e9e00000|  0%| F|  |TAMS 0x00000000e9d00000, 0x00000000e9d00000| Untracked 
| 158|0x00000000e9e00000, 0x00000000e9e00000, 0x00000000e9f00000|  0%| F|  |TAMS 0x00000000e9e00000, 0x00000000e9e00000| Untracked 
| 159|0x00000000e9f00000, 0x00000000e9f00000, 0x00000000ea000000|  0%| F|  |TAMS 0x00000000e9f00000, 0x00000000e9f00000| Untracked 
| 160|0x00000000ea000000, 0x00000000ea000000, 0x00000000ea100000|  0%| F|  |TAMS 0x00000000ea000000, 0x00000000ea000000| Untracked 
| 161|0x00000000ea100000, 0x00000000ea100000, 0x00000000ea200000|  0%| F|  |TAMS 0x00000000ea100000, 0x00000000ea100000| Untracked 
| 162|0x00000000ea200000, 0x00000000ea200000, 0x00000000ea300000|  0%| F|  |TAMS 0x00000000ea200000, 0x00000000ea200000| Untracked 
| 163|0x00000000ea300000, 0x00000000ea300000, 0x00000000ea400000|  0%| F|  |TAMS 0x00000000ea300000, 0x00000000ea300000| Untracked 
| 164|0x00000000ea400000, 0x00000000ea400000, 0x00000000ea500000|  0%| F|  |TAMS 0x00000000ea400000, 0x00000000ea400000| Untracked 
| 165|0x00000000ea500000, 0x00000000ea500000, 0x00000000ea600000|  0%| F|  |TAMS 0x00000000ea500000, 0x00000000ea500000| Untracked 
| 166|0x00000000ea600000, 0x00000000ea600000, 0x00000000ea700000|  0%| F|  |TAMS 0x00000000ea600000, 0x00000000ea600000| Untracked 
| 167|0x00000000ea700000, 0x00000000ea700000, 0x00000000ea800000|  0%| F|  |TAMS 0x00000000ea700000, 0x00000000ea700000| Untracked 
| 168|0x00000000ea800000, 0x00000000ea800000, 0x00000000ea900000|  0%| F|  |TAMS 0x00000000ea800000, 0x00000000ea800000| Untracked 
| 169|0x00000000ea900000, 0x00000000ea900000, 0x00000000eaa00000|  0%| F|  |TAMS 0x00000000ea900000, 0x00000000ea900000| Untracked 
| 170|0x00000000eaa00000, 0x00000000eaa00000, 0x00000000eab00000|  0%| F|  |TAMS 0x00000000eaa00000, 0x00000000eaa00000| Untracked 
| 171|0x00000000eab00000, 0x00000000eab00000, 0x00000000eac00000|  0%| F|  |TAMS 0x00000000eab00000, 0x00000000eab00000| Untracked 
| 172|0x00000000eac00000, 0x00000000eac00000, 0x00000000ead00000|  0%| F|  |TAMS 0x00000000eac00000, 0x00000000eac00000| Untracked 
| 173|0x00000000ead00000, 0x00000000ead00000, 0x00000000eae00000|  0%| F|  |TAMS 0x00000000ead00000, 0x00000000ead00000| Untracked 
| 174|0x00000000eae00000, 0x00000000eae00000, 0x00000000eaf00000|  0%| F|  |TAMS 0x00000000eae00000, 0x00000000eae00000| Untracked 
| 175|0x00000000eaf00000, 0x00000000eafb7b18, 0x00000000eb000000| 71%| E|  |TAMS 0x00000000eaf00000, 0x00000000eaf00000| Complete 
| 176|0x00000000eb000000, 0x00000000eb100000, 0x00000000eb100000|100%| E|CS|TAMS 0x00000000eb000000, 0x00000000eb000000| Complete 
| 177|0x00000000eb100000, 0x00000000eb200000, 0x00000000eb200000|100%| E|CS|TAMS 0x00000000eb100000, 0x00000000eb100000| Complete 
| 178|0x00000000eb200000, 0x00000000eb300000, 0x00000000eb300000|100%| E|CS|TAMS 0x00000000eb200000, 0x00000000eb200000| Complete 
| 179|0x00000000eb300000, 0x00000000eb400000, 0x00000000eb400000|100%| E|CS|TAMS 0x00000000eb300000, 0x00000000eb300000| Complete 
| 180|0x00000000eb400000, 0x00000000eb500000, 0x00000000eb500000|100%| E|  |TAMS 0x00000000eb400000, 0x00000000eb400000| Complete 
| 181|0x00000000eb500000, 0x00000000eb600000, 0x00000000eb600000|100%| E|CS|TAMS 0x00000000eb500000, 0x00000000eb500000| Complete 
| 182|0x00000000eb600000, 0x00000000eb700000, 0x00000000eb700000|100%| E|CS|TAMS 0x00000000eb600000, 0x00000000eb600000| Complete 
| 183|0x00000000eb700000, 0x00000000eb800000, 0x00000000eb800000|100%| E|CS|TAMS 0x00000000eb700000, 0x00000000eb700000| Complete 
| 184|0x00000000eb800000, 0x00000000eb900000, 0x00000000eb900000|100%| E|CS|TAMS 0x00000000eb800000, 0x00000000eb800000| Complete 
| 185|0x00000000eb900000, 0x00000000eba00000, 0x00000000eba00000|100%| E|CS|TAMS 0x00000000eb900000, 0x00000000eb900000| Complete 
| 186|0x00000000eba00000, 0x00000000ebb00000, 0x00000000ebb00000|100%| E|CS|TAMS 0x00000000eba00000, 0x00000000eba00000| Complete 
| 187|0x00000000ebb00000, 0x00000000ebc00000, 0x00000000ebc00000|100%| E|CS|TAMS 0x00000000ebb00000, 0x00000000ebb00000| Complete 
| 188|0x00000000ebc00000, 0x00000000ebd00000, 0x00000000ebd00000|100%| E|CS|TAMS 0x00000000ebc00000, 0x00000000ebc00000| Complete 
| 189|0x00000000ebd00000, 0x00000000ebe00000, 0x00000000ebe00000|100%| E|CS|TAMS 0x00000000ebd00000, 0x00000000ebd00000| Complete 
| 190|0x00000000ebe00000, 0x00000000ebf00000, 0x00000000ebf00000|100%| E|CS|TAMS 0x00000000ebe00000, 0x00000000ebe00000| Complete 
| 191|0x00000000ebf00000, 0x00000000ec000000, 0x00000000ec000000|100%| E|CS|TAMS 0x00000000ebf00000, 0x00000000ebf00000| Complete 
| 192|0x00000000ec000000, 0x00000000ec100000, 0x00000000ec100000|100%| E|CS|TAMS 0x00000000ec000000, 0x00000000ec000000| Complete 
| 193|0x00000000ec100000, 0x00000000ec200000, 0x00000000ec200000|100%| E|CS|TAMS 0x00000000ec100000, 0x00000000ec100000| Complete 
| 194|0x00000000ec200000, 0x00000000ec300000, 0x00000000ec300000|100%| E|CS|TAMS 0x00000000ec200000, 0x00000000ec200000| Complete 
| 195|0x00000000ec300000, 0x00000000ec400000, 0x00000000ec400000|100%| E|CS|TAMS 0x00000000ec300000, 0x00000000ec300000| Complete 
| 196|0x00000000ec400000, 0x00000000ec500000, 0x00000000ec500000|100%| E|CS|TAMS 0x00000000ec400000, 0x00000000ec400000| Complete 
| 197|0x00000000ec500000, 0x00000000ec600000, 0x00000000ec600000|100%| E|CS|TAMS 0x00000000ec500000, 0x00000000ec500000| Complete 
| 198|0x00000000ec600000, 0x00000000ec700000, 0x00000000ec700000|100%| E|CS|TAMS 0x00000000ec600000, 0x00000000ec600000| Complete 
| 199|0x00000000ec700000, 0x00000000ec800000, 0x00000000ec800000|100%| E|CS|TAMS 0x00000000ec700000, 0x00000000ec700000| Complete 
| 200|0x00000000ec800000, 0x00000000ec900000, 0x00000000ec900000|100%| E|CS|TAMS 0x00000000ec800000, 0x00000000ec800000| Complete 
| 201|0x00000000ec900000, 0x00000000eca00000, 0x00000000eca00000|100%| E|CS|TAMS 0x00000000ec900000, 0x00000000ec900000| Complete 
| 202|0x00000000eca00000, 0x00000000ecb00000, 0x00000000ecb00000|100%| E|CS|TAMS 0x00000000eca00000, 0x00000000eca00000| Complete 
| 203|0x00000000ecb00000, 0x00000000ecc00000, 0x00000000ecc00000|100%| E|CS|TAMS 0x00000000ecb00000, 0x00000000ecb00000| Complete 
| 204|0x00000000ecc00000, 0x00000000ecd00000, 0x00000000ecd00000|100%| E|CS|TAMS 0x00000000ecc00000, 0x00000000ecc00000| Complete 
| 205|0x00000000ecd00000, 0x00000000ece00000, 0x00000000ece00000|100%| E|CS|TAMS 0x00000000ecd00000, 0x00000000ecd00000| Complete 
| 206|0x00000000ece00000, 0x00000000ecf00000, 0x00000000ecf00000|100%| E|CS|TAMS 0x00000000ece00000, 0x00000000ece00000| Complete 
| 207|0x00000000ecf00000, 0x00000000ed000000, 0x00000000ed000000|100%| E|CS|TAMS 0x00000000ecf00000, 0x00000000ecf00000| Complete 
| 208|0x00000000ed000000, 0x00000000ed100000, 0x00000000ed100000|100%| E|CS|TAMS 0x00000000ed000000, 0x00000000ed000000| Complete 
| 209|0x00000000ed100000, 0x00000000ed200000, 0x00000000ed200000|100%| E|CS|TAMS 0x00000000ed100000, 0x00000000ed100000| Complete 
| 210|0x00000000ed200000, 0x00000000ed300000, 0x00000000ed300000|100%| E|CS|TAMS 0x00000000ed200000, 0x00000000ed200000| Complete 
| 211|0x00000000ed300000, 0x00000000ed400000, 0x00000000ed400000|100%| E|CS|TAMS 0x00000000ed300000, 0x00000000ed300000| Complete 
| 212|0x00000000ed400000, 0x00000000ed500000, 0x00000000ed500000|100%| E|CS|TAMS 0x00000000ed400000, 0x00000000ed400000| Complete 
| 213|0x00000000ed500000, 0x00000000ed600000, 0x00000000ed600000|100%| E|CS|TAMS 0x00000000ed500000, 0x00000000ed500000| Complete 
| 214|0x00000000ed600000, 0x00000000ed700000, 0x00000000ed700000|100%| E|CS|TAMS 0x00000000ed600000, 0x00000000ed600000| Complete 
| 215|0x00000000ed700000, 0x00000000ed800000, 0x00000000ed800000|100%| E|CS|TAMS 0x00000000ed700000, 0x00000000ed700000| Complete 
| 216|0x00000000ed800000, 0x00000000ed900000, 0x00000000ed900000|100%| E|CS|TAMS 0x00000000ed800000, 0x00000000ed800000| Complete 
| 217|0x00000000ed900000, 0x00000000eda00000, 0x00000000eda00000|100%| E|CS|TAMS 0x00000000ed900000, 0x00000000ed900000| Complete 
| 218|0x00000000eda00000, 0x00000000edb00000, 0x00000000edb00000|100%| E|CS|TAMS 0x00000000eda00000, 0x00000000eda00000| Complete 
| 219|0x00000000edb00000, 0x00000000edc00000, 0x00000000edc00000|100%| E|CS|TAMS 0x00000000edb00000, 0x00000000edb00000| Complete 
| 220|0x00000000edc00000, 0x00000000edd00000, 0x00000000edd00000|100%| E|CS|TAMS 0x00000000edc00000, 0x00000000edc00000| Complete 
| 221|0x00000000edd00000, 0x00000000ede00000, 0x00000000ede00000|100%| E|CS|TAMS 0x00000000edd00000, 0x00000000edd00000| Complete 
| 222|0x00000000ede00000, 0x00000000edf00000, 0x00000000edf00000|100%| E|CS|TAMS 0x00000000ede00000, 0x00000000ede00000| Complete 
| 223|0x00000000edf00000, 0x00000000ee000000, 0x00000000ee000000|100%| E|CS|TAMS 0x00000000edf00000, 0x00000000edf00000| Complete 
| 224|0x00000000ee000000, 0x00000000ee100000, 0x00000000ee100000|100%| E|CS|TAMS 0x00000000ee000000, 0x00000000ee000000| Complete 
| 225|0x00000000ee100000, 0x00000000ee200000, 0x00000000ee200000|100%| E|CS|TAMS 0x00000000ee100000, 0x00000000ee100000| Complete 
| 226|0x00000000ee200000, 0x00000000ee300000, 0x00000000ee300000|100%| E|CS|TAMS 0x00000000ee200000, 0x00000000ee200000| Complete 
| 227|0x00000000ee300000, 0x00000000ee400000, 0x00000000ee400000|100%| E|CS|TAMS 0x00000000ee300000, 0x00000000ee300000| Complete 
| 228|0x00000000ee400000, 0x00000000ee500000, 0x00000000ee500000|100%| E|CS|TAMS 0x00000000ee400000, 0x00000000ee400000| Complete 
| 229|0x00000000ee500000, 0x00000000ee600000, 0x00000000ee600000|100%| E|CS|TAMS 0x00000000ee500000, 0x00000000ee500000| Complete 
| 230|0x00000000ee600000, 0x00000000ee700000, 0x00000000ee700000|100%| E|CS|TAMS 0x00000000ee600000, 0x00000000ee600000| Complete 
| 231|0x00000000ee700000, 0x00000000ee800000, 0x00000000ee800000|100%| E|CS|TAMS 0x00000000ee700000, 0x00000000ee700000| Complete 
| 232|0x00000000ee800000, 0x00000000ee900000, 0x00000000ee900000|100%| E|CS|TAMS 0x00000000ee800000, 0x00000000ee800000| Complete 
| 233|0x00000000ee900000, 0x00000000eea00000, 0x00000000eea00000|100%| E|CS|TAMS 0x00000000ee900000, 0x00000000ee900000| Complete 
| 234|0x00000000eea00000, 0x00000000eeb00000, 0x00000000eeb00000|100%| E|CS|TAMS 0x00000000eea00000, 0x00000000eea00000| Complete 
| 235|0x00000000eeb00000, 0x00000000eec00000, 0x00000000eec00000|100%| E|CS|TAMS 0x00000000eeb00000, 0x00000000eeb00000| Complete 
| 236|0x00000000eec00000, 0x00000000eed00000, 0x00000000eed00000|100%| E|CS|TAMS 0x00000000eec00000, 0x00000000eec00000| Complete 
| 237|0x00000000eed00000, 0x00000000eee00000, 0x00000000eee00000|100%| E|CS|TAMS 0x00000000eed00000, 0x00000000eed00000| Complete 
| 238|0x00000000eee00000, 0x00000000eef00000, 0x00000000eef00000|100%| E|CS|TAMS 0x00000000eee00000, 0x00000000eee00000| Complete 
| 239|0x00000000eef00000, 0x00000000ef000000, 0x00000000ef000000|100%| E|CS|TAMS 0x00000000eef00000, 0x00000000eef00000| Complete 
| 240|0x00000000ef000000, 0x00000000ef100000, 0x00000000ef100000|100%| E|CS|TAMS 0x00000000ef000000, 0x00000000ef000000| Complete 
| 241|0x00000000ef100000, 0x00000000ef200000, 0x00000000ef200000|100%| E|CS|TAMS 0x00000000ef100000, 0x00000000ef100000| Complete 
| 242|0x00000000ef200000, 0x00000000ef300000, 0x00000000ef300000|100%| E|CS|TAMS 0x00000000ef200000, 0x00000000ef200000| Complete 
| 243|0x00000000ef300000, 0x00000000ef400000, 0x00000000ef400000|100%| E|CS|TAMS 0x00000000ef300000, 0x00000000ef300000| Complete 
| 244|0x00000000ef400000, 0x00000000ef500000, 0x00000000ef500000|100%| E|CS|TAMS 0x00000000ef400000, 0x00000000ef400000| Complete 
| 245|0x00000000ef500000, 0x00000000ef600000, 0x00000000ef600000|100%| E|CS|TAMS 0x00000000ef500000, 0x00000000ef500000| Complete 
| 246|0x00000000ef600000, 0x00000000ef700000, 0x00000000ef700000|100%| E|CS|TAMS 0x00000000ef600000, 0x00000000ef600000| Complete 
| 247|0x00000000ef700000, 0x00000000ef800000, 0x00000000ef800000|100%| E|CS|TAMS 0x00000000ef700000, 0x00000000ef700000| Complete 
| 248|0x00000000ef800000, 0x00000000ef900000, 0x00000000ef900000|100%| E|CS|TAMS 0x00000000ef800000, 0x00000000ef800000| Complete 
| 249|0x00000000ef900000, 0x00000000efa00000, 0x00000000efa00000|100%| E|CS|TAMS 0x00000000ef900000, 0x00000000ef900000| Complete 
| 250|0x00000000efa00000, 0x00000000efb00000, 0x00000000efb00000|100%| E|CS|TAMS 0x00000000efa00000, 0x00000000efa00000| Complete 
| 251|0x00000000efb00000, 0x00000000efc00000, 0x00000000efc00000|100%| E|CS|TAMS 0x00000000efb00000, 0x00000000efb00000| Complete 
| 252|0x00000000efc00000, 0x00000000efd00000, 0x00000000efd00000|100%| E|CS|TAMS 0x00000000efc00000, 0x00000000efc00000| Complete 
| 253|0x00000000efd00000, 0x00000000efe00000, 0x00000000efe00000|100%| E|CS|TAMS 0x00000000efd00000, 0x00000000efd00000| Complete 
| 254|0x00000000efe00000, 0x00000000eff00000, 0x00000000eff00000|100%| E|CS|TAMS 0x00000000efe00000, 0x00000000efe00000| Complete 
| 255|0x00000000eff00000, 0x00000000f0000000, 0x00000000f0000000|100%| E|CS|TAMS 0x00000000eff00000, 0x00000000eff00000| Complete 

Card table byte_map: [0x000001a1af260000,0x000001a1af360000] _byte_map_base: 0x000001a1aeb60000

Marking Bits (Prev, Next): (CMBitMap*) 0x000001a19c358690, (CMBitMap*) 0x000001a19c358658
 Prev Bits: [0x000001a1afc60000, 0x000001a1b0460000)
 Next Bits: [0x000001a1af460000, 0x000001a1afc60000)

Polling page: 0x000001a19a340000

Metaspace:

Usage:
  Non-class:     74.99 MB capacity,    73.40 MB ( 98%) used,     1.32 MB (  2%) free+waste,   285.81 KB ( <1%) overhead. 
      Class:     11.93 MB capacity,    10.98 MB ( 92%) used,   838.34 KB (  7%) free+waste,   135.19 KB (  1%) overhead. 
       Both:     86.92 MB capacity,    84.38 MB ( 97%) used,     2.14 MB (  2%) free+waste,   421.00 KB ( <1%) overhead. 

Virtual space:
  Non-class space:       76.00 MB reserved,      75.20 MB ( 99%) committed 
      Class space:      248.00 MB reserved,      12.00 MB (  5%) committed 
             Both:      324.00 MB reserved,      87.20 MB ( 27%) committed 

Chunk freelists:
   Non-Class:  20.00 KB
       Class:  8.00 KB
        Both:  28.00 KB

MaxMetaspaceSize: 256.00 MB
CompressedClassSpaceSize: 248.00 MB

CodeHeap 'non-profiled nmethods': size=120000Kb used=5008Kb max_used=5008Kb free=114991Kb
 bounds [0x000001a1a7900000, 0x000001a1a7df0000, 0x000001a1aee30000]
CodeHeap 'profiled nmethods': size=120000Kb used=19316Kb max_used=19316Kb free=100683Kb
 bounds [0x000001a1a03d0000, 0x000001a1a16b0000, 0x000001a1a7900000]
CodeHeap 'non-nmethods': size=5760Kb used=2341Kb max_used=2388Kb free=3418Kb
 bounds [0x000001a19fe30000, 0x000001a1a00a0000, 0x000001a1a03d0000]
 total_blobs=11230 nmethods=10262 adapters=876
 compilation: enabled
              stopped_count=0, restarted_count=0
 full_count=0

Compilation events (20 events):
Event: 25.470 Thread 0x000001a1b3774800 nmethod 10435 0x000001a1a1688910 code [0x000001a1a1688ae0, 0x000001a1a1688e38]
Event: 25.470 Thread 0x000001a1b3774800 10437       3       java.util.stream.Streams$StreamBuilderImpl::<init> (16 bytes)
Event: 25.470 Thread 0x000001a1b3774800 nmethod 10437 0x000001a1a1688f90 code [0x000001a1a1689140, 0x000001a1a1689358]
Event: 25.470 Thread 0x000001a1b3774800 10438       3       org.gradle.internal.watch.registry.impl.WatchableHierarchies$RemoveUnwatchedFiles::visitEntry (21 bytes)
Event: 25.470 Thread 0x000001a1b3774800 nmethod 10438 0x000001a1a1689410 code [0x000001a1a1689620, 0x000001a1a1689b38]
Event: 25.470 Thread 0x000001a1b3774800 10439       3       org.gradle.internal.watch.registry.impl.WatchableHierarchies$RemoveUnwatchedFiles::shouldBeRemoved (55 bytes)
Event: 25.470 Thread 0x000001a1b3774800 nmethod 10439 0x000001a1a1689d90 code [0x000001a1a1689f80, 0x000001a1a168a5d8]
Event: 25.470 Thread 0x000001a1b3774800 10436       1       org.gradle.internal.watch.registry.impl.WatchableHierarchies::access$000 (5 bytes)
Event: 25.470 Thread 0x000001a1b3774800 nmethod 10436 0x000001a1a7de3990 code [0x000001a1a7de3b40, 0x000001a1a7de3bd8]
Event: 25.473 Thread 0x000001a1b3774800 10440       3       org.gradle.internal.snapshot.AbstractFileSystemLocationSnapshot::rootSnapshots (5 bytes)
Event: 25.473 Thread 0x000001a1b3774800 nmethod 10440 0x000001a1a168a810 code [0x000001a1a168aa20, 0x000001a1a168aff8]
Event: 25.473 Thread 0x000001a1b3774800 10443       3       org.gradle.internal.snapshot.DirectorySnapshot$$Lambda$1232/0x0000000100b5cc40::apply (8 bytes)
Event: 25.473 Thread 0x000001a1b3774800 nmethod 10443 0x000001a1a168b290 code [0x000001a1a168b440, 0x000001a1a168b658]
Event: 25.473 Thread 0x000001a1b3774800 10444       3       org.gradle.internal.snapshot.DirectorySnapshot$$Lambda$1234/0x0000000100b80440::accept (12 bytes)
Event: 25.473 Thread 0x000001a1b3774800 nmethod 10444 0x000001a1a168b710 code [0x000001a1a168b8e0, 0x000001a1a168bc08]
Event: 25.473 Thread 0x000001a1b3774800 10445       3       org.gradle.internal.snapshot.DirectorySnapshot::lambda$accept$1 (9 bytes)
Event: 25.473 Thread 0x000001a1b3774800 nmethod 10445 0x000001a1a168bd10 code [0x000001a1a168bec0, 0x000001a1a168c068]
Event: 25.473 Thread 0x000001a1b3774800 10441       3       org.gradle.internal.snapshot.AbstractIncompleteFileSystemNode$$Lambda$287/0x000000010043ac40::apply (8 bytes)
Event: 25.473 Thread 0x000001a1b3774800 nmethod 10441 0x000001a1a168c110 code [0x000001a1a168c2c0, 0x000001a1a168c4d8]
Event: 25.473 Thread 0x000001a1b3774800 10442       3       org.gradle.internal.snapshot.AbstractIncompleteFileSystemNode$$Lambda$288/0x000000010043a040::apply (13 bytes)

GC Heap History (20 events):
Event: 6.488 GC heap before
{Heap before GC invocations=7 (full 0):
 garbage-first heap   total 262144K, used 140158K [0x00000000e0000000, 0x0000000100000000)
  region size 1024K, 119 young (121856K), 6 survivors (6144K)
 Metaspace       used 42835K, capacity 43788K, committed 43904K, reserved 292864K
  class space    used 5541K, capacity 5907K, committed 6016K, reserved 253952K
}
Event: 6.500 GC heap after
{Heap after GC invocations=8 (full 0):
 garbage-first heap   total 262144K, used 29820K [0x00000000e0000000, 0x0000000100000000)
  region size 1024K, 13 young (13312K), 13 survivors (13312K)
 Metaspace       used 42835K, capacity 43788K, committed 43904K, reserved 292864K
  class space    used 5541K, capacity 5907K, committed 6016K, reserved 253952K
}
Event: 7.301 GC heap before
{Heap before GC invocations=8 (full 0):
 garbage-first heap   total 262144K, used 158844K [0x00000000e0000000, 0x0000000100000000)
  region size 1024K, 139 young (142336K), 13 survivors (13312K)
 Metaspace       used 46894K, capacity 48027K, committed 48128K, reserved 296960K
  class space    used 5924K, capacity 6374K, committed 6400K, reserved 253952K
}
Event: 7.315 GC heap after
{Heap after GC invocations=9 (full 0):
 garbage-first heap   total 262144K, used 36644K [0x00000000e0000000, 0x0000000100000000)
  region size 1024K, 15 young (15360K), 15 survivors (15360K)
 Metaspace       used 46894K, capacity 48027K, committed 48128K, reserved 296960K
  class space    used 5924K, capacity 6374K, committed 6400K, reserved 253952K
}
Event: 8.747 GC heap before
{Heap before GC invocations=9 (full 0):
 garbage-first heap   total 262144K, used 171812K [0x00000000e0000000, 0x0000000100000000)
  region size 1024K, 147 young (150528K), 15 survivors (15360K)
 Metaspace       used 56032K, capacity 57506K, committed 57856K, reserved 305152K
  class space    used 7242K, capacity 7811K, committed 7936K, reserved 253952K
}
Event: 8.763 GC heap after
{Heap after GC invocations=10 (full 0):
 garbage-first heap   total 262144K, used 41984K [0x00000000e0000000, 0x0000000100000000)
  region size 1024K, 13 young (13312K), 13 survivors (13312K)
 Metaspace       used 56032K, capacity 57506K, committed 57856K, reserved 305152K
  class space    used 7242K, capacity 7811K, committed 7936K, reserved 253952K
}
Event: 8.980 GC heap before
{Heap before GC invocations=10 (full 0):
 garbage-first heap   total 262144K, used 59392K [0x00000000e0000000, 0x0000000100000000)
  region size 1024K, 31 young (31744K), 13 survivors (13312K)
 Metaspace       used 58511K, capacity 60103K, committed 60160K, reserved 307200K
  class space    used 7599K, capacity 8164K, committed 8192K, reserved 253952K
}
Event: 8.991 GC heap after
{Heap after GC invocations=11 (full 0):
 garbage-first heap   total 262144K, used 43312K [0x00000000e0000000, 0x0000000100000000)
  region size 1024K, 7 young (7168K), 7 survivors (7168K)
 Metaspace       used 58511K, capacity 60103K, committed 60160K, reserved 307200K
  class space    used 7599K, capacity 8164K, committed 8192K, reserved 253952K
}
Event: 10.626 GC heap before
{Heap before GC invocations=12 (full 0):
 garbage-first heap   total 262144K, used 190768K [0x00000000e0000000, 0x0000000100000000)
  region size 1024K, 147 young (150528K), 7 survivors (7168K)
 Metaspace       used 67983K, capacity 70209K, committed 70348K, reserved 315392K
  class space    used 8903K, capacity 9650K, committed 9728K, reserved 253952K
}
Event: 10.637 GC heap after
{Heap after GC invocations=13 (full 0):
 garbage-first heap   total 262144K, used 57785K [0x00000000e0000000, 0x0000000100000000)
  region size 1024K, 17 young (17408K), 17 survivors (17408K)
 Metaspace       used 67983K, capacity 70209K, committed 70348K, reserved 315392K
  class space    used 8903K, capacity 9650K, committed 9728K, reserved 253952K
}
Event: 11.735 GC heap before
{Heap before GC invocations=13 (full 0):
 garbage-first heap   total 262144K, used 192953K [0x00000000e0000000, 0x0000000100000000)
  region size 1024K, 150 young (153600K), 17 survivors (17408K)
 Metaspace       used 73969K, capacity 76207K, committed 76492K, reserved 321536K
  class space    used 9642K, capacity 10449K, committed 10496K, reserved 253952K
}
Event: 11.748 GC heap after
{Heap after GC invocations=14 (full 0):
 garbage-first heap   total 262144K, used 62956K [0x00000000e0000000, 0x0000000100000000)
  region size 1024K, 6 young (6144K), 6 survivors (6144K)
 Metaspace       used 73969K, capacity 76207K, committed 76492K, reserved 321536K
  class space    used 9642K, capacity 10449K, committed 10496K, reserved 253952K
}
Event: 12.971 GC heap before
{Heap before GC invocations=14 (full 0):
 garbage-first heap   total 262144K, used 198124K [0x00000000e0000000, 0x0000000100000000)
  region size 1024K, 139 young (142336K), 6 survivors (6144K)
 Metaspace       used 82028K, capacity 84313K, committed 84428K, reserved 327680K
  class space    used 10617K, capacity 11414K, committed 11520K, reserved 253952K
}
Event: 12.977 GC heap after
{Heap after GC invocations=15 (full 0):
 garbage-first heap   total 262144K, used 65050K [0x00000000e0000000, 0x0000000100000000)
  region size 1024K, 8 young (8192K), 8 survivors (8192K)
 Metaspace       used 82028K, capacity 84313K, committed 84428K, reserved 327680K
  class space    used 10617K, capacity 11414K, committed 11520K, reserved 253952K
}
Event: 15.037 GC heap before
{Heap before GC invocations=15 (full 0):
 garbage-first heap   total 262144K, used 206362K [0x00000000e0000000, 0x0000000100000000)
  region size 1024K, 143 young (146432K), 8 survivors (8192K)
 Metaspace       used 82154K, capacity 84428K, committed 84684K, reserved 327680K
  class space    used 10623K, capacity 11452K, committed 11520K, reserved 253952K
}
Event: 15.043 GC heap after
{Heap after GC invocations=16 (full 0):
 garbage-first heap   total 262144K, used 70646K [0x00000000e0000000, 0x0000000100000000)
  region size 1024K, 11 young (11264K), 11 survivors (11264K)
 Metaspace       used 82154K, capacity 84428K, committed 84684K, reserved 327680K
  class space    used 10623K, capacity 11452K, committed 11520K, reserved 253952K
}
Event: 15.464 GC heap before
{Heap before GC invocations=16 (full 0):
 garbage-first heap   total 262144K, used 208886K [0x00000000e0000000, 0x0000000100000000)
  region size 1024K, 146 young (149504K), 11 survivors (11264K)
 Metaspace       used 82181K, capacity 84428K, committed 84684K, reserved 327680K
  class space    used 10627K, capacity 11452K, committed 11520K, reserved 253952K
}
Event: 15.470 GC heap after
{Heap after GC invocations=17 (full 0):
 garbage-first heap   total 262144K, used 72137K [0x00000000e0000000, 0x0000000100000000)
  region size 1024K, 12 young (12288K), 12 survivors (12288K)
 Metaspace       used 82181K, capacity 84428K, committed 84684K, reserved 327680K
  class space    used 10627K, capacity 11452K, committed 11520K, reserved 253952K
}
Event: 15.937 GC heap before
{Heap before GC invocations=17 (full 0):
 garbage-first heap   total 262144K, used 212425K [0x00000000e0000000, 0x0000000100000000)
  region size 1024K, 149 young (152576K), 12 survivors (12288K)
 Metaspace       used 82182K, capacity 84428K, committed 84684K, reserved 327680K
  class space    used 10627K, capacity 11452K, committed 11520K, reserved 253952K
}
Event: 15.943 GC heap after
{Heap after GC invocations=18 (full 0):
 garbage-first heap   total 262144K, used 65442K [0x00000000e0000000, 0x0000000100000000)
  region size 1024K, 5 young (5120K), 5 survivors (5120K)
 Metaspace       used 82182K, capacity 84428K, committed 84684K, reserved 327680K
  class space    used 10627K, capacity 11452K, committed 11520K, reserved 253952K
}

Deoptimization events (20 events):
Event: 25.436 Thread 0x000001a1b821f800 DEOPT PACKING pc=0x000001a1a7cd958c sp=0x00000099fd2ff520
Event: 25.436 Thread 0x000001a1b821f800 DEOPT UNPACKING pc=0x000001a19fe5662f sp=0x00000099fd2ff498 mode 2
Event: 25.437 Thread 0x000001a1b821d000 Uncommon trap: trap_request=0xffffff4d fr.pc=0x000001a1a7cd958c relative=0x000000000000030c
Event: 25.437 Thread 0x000001a1b821d000 Uncommon trap: reason=unstable_if action=reinterpret pc=0x000001a1a7cd958c method=java.util.concurrent.locks.AbstractQueuedSynchronizer.acquire(I)V @ 20 c2
Event: 25.437 Thread 0x000001a1b821d000 DEOPT PACKING pc=0x000001a1a7cd958c sp=0x00000099fcfff090
Event: 25.437 Thread 0x000001a1b821d000 DEOPT UNPACKING pc=0x000001a19fe5662f sp=0x00000099fcfff008 mode 2
Event: 25.451 Thread 0x000001a1b4f4f800 DEOPT PACKING pc=0x000001a1a147f6dd sp=0x00000099f8ff92d0
Event: 25.451 Thread 0x000001a1b4f4f800 DEOPT UNPACKING pc=0x000001a19fe56dde sp=0x00000099f8ff8830 mode 0
Event: 25.451 Thread 0x000001a1b4f4f800 Uncommon trap: trap_request=0xffffff7e fr.pc=0x000001a1a7beb1b0 relative=0x0000000000000510
Event: 25.451 Thread 0x000001a1b4f4f800 Uncommon trap: reason=predicate action=maybe_recompile pc=0x000001a1a7beb1b0 method=java.util.AbstractCollection.addAll(Ljava/util/Collection;)Z @ 15 c2
Event: 25.451 Thread 0x000001a1b4f4f800 DEOPT PACKING pc=0x000001a1a7beb1b0 sp=0x00000099f8ff9970
Event: 25.451 Thread 0x000001a1b4f4f800 DEOPT UNPACKING pc=0x000001a19fe5662f sp=0x00000099f8ff9918 mode 2
Event: 25.468 Thread 0x000001a1b4f4f800 Uncommon trap: trap_request=0xffffffde fr.pc=0x000001a1a7d105d0 relative=0x0000000000000430
Event: 25.468 Thread 0x000001a1b4f4f800 Uncommon trap: reason=class_check action=maybe_recompile pc=0x000001a1a7d105d0 method=java.util.stream.ReduceOps$ReduceOp.evaluateSequential(Ljava/util/stream/PipelineHelper;Ljava/util/Spliterator;)Ljava/lang/Object; @ 2 c2
Event: 25.468 Thread 0x000001a1b4f4f800 DEOPT PACKING pc=0x000001a1a7d105d0 sp=0x00000099f8ffc4c0
Event: 25.468 Thread 0x000001a1b4f4f800 DEOPT UNPACKING pc=0x000001a19fe5662f sp=0x00000099f8ffc460 mode 2
Event: 25.469 Thread 0x000001a1b4f4f800 Uncommon trap: trap_request=0xffffffde fr.pc=0x000001a1a7d105d0 relative=0x0000000000000430
Event: 25.469 Thread 0x000001a1b4f4f800 Uncommon trap: reason=class_check action=maybe_recompile pc=0x000001a1a7d105d0 method=java.util.stream.ReduceOps$ReduceOp.evaluateSequential(Ljava/util/stream/PipelineHelper;Ljava/util/Spliterator;)Ljava/lang/Object; @ 2 c2
Event: 25.469 Thread 0x000001a1b4f4f800 DEOPT PACKING pc=0x000001a1a7d105d0 sp=0x00000099f8ffc550
Event: 25.469 Thread 0x000001a1b4f4f800 DEOPT UNPACKING pc=0x000001a19fe5662f sp=0x00000099f8ffc4f0 mode 2

Classes redefined (0 events):
No events

Internal exceptions (20 events):
Event: 18.512 Thread 0x000001a1b81b6000 Exception <a 'java/lang/NoSuchMethodError'{0x00000000eecadd70}: <clinit>> (0x00000000eecadd70) thrown at [./src/hotspot/share/prims/jni.cpp, line 1362]
Event: 18.512 Thread 0x000001a1b81b6000 Exception <a 'java/lang/NoSuchMethodError'{0x00000000eecb9b98}: <clinit>> (0x00000000eecb9b98) thrown at [./src/hotspot/share/prims/jni.cpp, line 1362]
Event: 18.523 Thread 0x000001a1b81b6000 Exception <a 'java/lang/NoSuchMethodError'{0x00000000eeb53418}: 'java.lang.Object java.lang.invoke.DirectMethodHandle$Holder.invokeSpecial(java.lang.Object, java.lang.Object, int, int, java.lang.Object, int, java.lang.Object, java.lang.Object)'> (0x00000000eeb53418) thrown at [./src/hotspot/share/interpreter/linkResolver.cpp, line 773]
Event: 18.523 Thread 0x000001a1b81b6000 Exception <a 'java/lang/NoSuchMethodError'{0x00000000eeb56d00}: 'java.lang.Object java.lang.invoke.DelegatingMethodHandle$Holder.reinvoke_L(java.lang.Object, int, int, java.lang.Object, int, java.lang.Object, java.lang.Object)'> (0x00000000eeb56d00) thrown at [./src/hotspot/share/interpreter/linkResolver.cpp, line 773]
Event: 18.525 Thread 0x000001a1b81b6000 Exception <a 'java/lang/NoSuchMethodError'{0x00000000eeb817b8}: 'java.lang.Object java.lang.invoke.DirectMethodHandle$Holder.invokeStatic(java.lang.Object, java.lang.Object, java.lang.Object, java.lang.Object, java.lang.Object, java.lang.Object, java.lang.Object, java.lang.Object, int)'> (0x00000000eeb817b8) thrown at [./src/hotspot/share/interpreter/linkResolver.cpp, line 773]
Event: 18.528 Thread 0x000001a1b81b6000 Exception <a 'java/lang/NoSuchMethodError'{0x00000000eeba8848}: 'java.lang.Object java.lang.invoke.DirectMethodHandle$Holder.invokeStatic(java.lang.Object, java.lang.Object, java.lang.Object, java.lang.Object, java.lang.Object, java.lang.Object, java.lang.Object, java.lang.Object, int, int)'> (0x00000000eeba8848) thrown at [./src/hotspot/share/interpreter/linkResolver.cpp, line 773]
Event: 18.529 Thread 0x000001a1b81b6000 Exception <a 'java/lang/NoSuchMethodError'{0x00000000eebc41f0}: 'java.lang.Object java.lang.invoke.DirectMethodHandle$Holder.invokeStatic(java.lang.Object, java.lang.Object, java.lang.Object, java.lang.Object, java.lang.Object, java.lang.Object, java.lang.Object, java.lang.Object, int, int, java.lang.Object)'> (0x00000000eebc41f0) thrown at [./src/hotspot/share/interpreter/linkResolver.cpp, line 773]
Event: 18.531 Thread 0x000001a1b81b6000 Exception <a 'java/lang/NoSuchMethodError'{0x00000000eebe13d0}: 'java.lang.Object java.lang.invoke.DirectMethodHandle$Holder.invokeStatic(java.lang.Object, java.lang.Object, java.lang.Object, java.lang.Object, java.lang.Object, java.lang.Object, java.lang.Object, java.lang.Object, int, int, java.lang.Object, java.lang.Object)'> (0x00000000eebe13d0) thrown at [./src/hotspot/share/interpreter/linkResolver.cpp, line 773]
Event: 18.538 Thread 0x000001a1b81b6000 Exception <a 'java/lang/NoSuchMethodError'{0x00000000eea12de0}: <clinit>> (0x00000000eea12de0) thrown at [./src/hotspot/share/prims/jni.cpp, line 1362]
Event: 18.540 Thread 0x000001a1b81b6000 Exception <a 'java/lang/NoSuchMethodError'{0x00000000eea35408}: <clinit>> (0x00000000eea35408) thrown at [./src/hotspot/share/prims/jni.cpp, line 1362]
Event: 18.554 Thread 0x000001a1b81ba800 Exception <a 'java/lang/InterruptedException'{0x00000000eeaa0c90}> (0x00000000eeaa0c90) thrown at [./src/hotspot/share/runtime/objectMonitor.cpp, line 1635]
Event: 18.555 Thread 0x000001a1b81ba800 Exception <a 'java/lang/NoSuchMethodError'{0x00000000eeaa8aa0}: 'java.lang.Object java.lang.invoke.DirectMethodHandle$Holder.invokeStatic(java.lang.Object, java.lang.Object, int, java.lang.Object, long)'> (0x00000000eeaa8aa0) thrown at [./src/hotspot/share/interpreter/linkResolver.cpp, line 773]
Event: 18.571 Thread 0x000001a1b81b6000 Exception <a 'java/lang/NoSuchMethodError'{0x00000000eea9f6a8}: <clinit>> (0x00000000eea9f6a8) thrown at [./src/hotspot/share/prims/jni.cpp, line 1362]
Event: 18.572 Thread 0x000001a1b81b6000 Exception <a 'java/lang/NoSuchMethodError'{0x00000000eeae0db0}: <clinit>> (0x00000000eeae0db0) thrown at [./src/hotspot/share/prims/jni.cpp, line 1362]
Event: 18.573 Thread 0x000001a1b81b6000 Exception <a 'java/lang/NoSuchMethodError'{0x00000000eeaedbd0}: <clinit>> (0x00000000eeaedbd0) thrown at [./src/hotspot/share/prims/jni.cpp, line 1362]
Event: 18.582 Thread 0x000001a1b81b6000 Exception <a 'java/lang/NoSuchMethodError'{0x00000000ee9043b0}: <clinit>> (0x00000000ee9043b0) thrown at [./src/hotspot/share/prims/jni.cpp, line 1362]
Event: 18.601 Thread 0x000001a1b81b6000 Exception <a 'java/lang/NoSuchMethodError'{0x00000000ee80fba8}: <clinit>> (0x00000000ee80fba8) thrown at [./src/hotspot/share/prims/jni.cpp, line 1362]
Event: 18.665 Thread 0x000001a1b81b7800 Exception <a 'java/lang/NoSuchMethodError'{0x00000000ee8e4c08}: 'java.lang.Object java.lang.invoke.DirectMethodHandle$Holder.invokeStatic(java.lang.Object, java.lang.Object, java.lang.Object, java.lang.Object, java.lang.Object, java.lang.Object, java.lang.Object, java.lang.Object, java.lang.Object, java.lang.Object, java.lang.Object, java.lang.Object, java.lang.Object, int)'> (0x00000000ee8e4c08) thrown at [./src/hotspot/share/interpreter/linkResolver.cpp, line 773]
Event: 18.665 Thread 0x000001a1b81b7800 Exception <a 'java/lang/NoSuchMethodError'{0x00000000ee8f1848}: 'java.lang.Object java.lang.invoke.DirectMethodHandle$Holder.invokeStatic(java.lang.Object, java.lang.Object, java.lang.Object, java.lang.Object, java.lang.Object, java.lang.Object, java.lang.Object, java.lang.Object, java.lang.Object, java.lang.Object, java.lang.Object, java.lang.Object, java.lang.Object, int, int)'> (0x00000000ee8f1848) thrown at [./src/hotspot/share/interpreter/linkResolver.cpp, line 773]
Event: 24.178 Thread 0x000001a1bba88000 Exception <a 'java/lang/InterruptedException'{0x00000000eb735e98}> (0x00000000eb735e98) thrown at [./src/hotspot/share/runtime/objectMonitor.cpp, line 1635]

Events (20 events):
Event: 25.470 loading class com/google/common/collect/EnumMultiset
Event: 25.470 loading class com/google/common/collect/EnumMultiset done
Event: 25.472 loading class com/google/common/collect/EnumMultiset
Event: 25.472 loading class com/google/common/collect/EnumMultiset done
Event: 25.472 loading class org/gradle/internal/snapshot/FileSystemLocationSnapshot
Event: 25.472 loading class org/gradle/internal/snapshot/FileSystemLocationSnapshot done
Event: 25.472 loading class com/google/common/collect/EnumMultiset
Event: 25.472 loading class com/google/common/collect/EnumMultiset done
Event: 25.472 loading class org/gradle/internal/snapshot/FileSystemLocationSnapshot
Event: 25.472 loading class org/gradle/internal/snapshot/FileSystemLocationSnapshot done
Event: 25.472 loading class com/google/common/collect/EnumMultiset
Event: 25.472 loading class com/google/common/collect/EnumMultiset done
Event: 25.472 loading class com/google/common/collect/EnumMultiset
Event: 25.472 loading class com/google/common/collect/EnumMultiset done
Event: 25.473 loading class org/gradle/internal/watch/vfs/impl/DefaultFileSystemWatchingStatistics$VirtualFileSystemStatistics
Event: 25.473 loading class org/gradle/internal/watch/vfs/impl/DefaultFileSystemWatchingStatistics$VirtualFileSystemStatistics done
Event: 25.473 loading class org/gradle/internal/watch/vfs/impl/WatchingVirtualFileSystem$2$1
Event: 25.473 loading class org/gradle/internal/watch/vfs/impl/WatchingVirtualFileSystem$2$1 done
Event: 25.473 loading class org/gradle/internal/watch/vfs/BuildFinishedFileSystemWatchingBuildOperationType$Result
Event: 25.473 loading class org/gradle/internal/watch/vfs/BuildFinishedFileSystemWatchingBuildOperationType$Result done


Dynamic libraries:
0x00007ff6151d0000 - 0x00007ff6151da000 	C:\Program Files\Android\Android Studio\jre\bin\java.exe
0x00007ff869b30000 - 0x00007ff869d25000 	C:\WINDOWS\SYSTEM32\ntdll.dll
0x00007ff867f90000 - 0x00007ff86804d000 	C:\WINDOWS\System32\KERNEL32.DLL
0x00007ff8676b0000 - 0x00007ff86797d000 	C:\WINDOWS\System32\KERNELBASE.dll
0x00007ff867310000 - 0x00007ff867410000 	C:\WINDOWS\System32\ucrtbase.dll
0x00007ff8460c0000 - 0x00007ff8460d7000 	C:\Program Files\Android\Android Studio\jre\bin\VCRUNTIME140.dll
0x00007ff846dc0000 - 0x00007ff846dd9000 	C:\Program Files\Android\Android Studio\jre\bin\jli.dll
0x00007ff867cb0000 - 0x00007ff867e50000 	C:\WINDOWS\System32\USER32.dll
0x00007ff8679f0000 - 0x00007ff867a12000 	C:\WINDOWS\System32\win32u.dll
0x00007ff855940000 - 0x00007ff855bda000 	C:\WINDOWS\WinSxS\amd64_microsoft.windows.common-controls_6595b64144ccf1df_6.0.19041.1110_none_60b5254171f9507e\COMCTL32.dll
0x00007ff868200000 - 0x00007ff86822a000 	C:\WINDOWS\System32\GDI32.dll
0x00007ff869960000 - 0x00007ff8699fe000 	C:\WINDOWS\System32\msvcrt.dll
0x00007ff867a70000 - 0x00007ff867b7b000 	C:\WINDOWS\System32\gdi32full.dll
0x00007ff867240000 - 0x00007ff8672dd000 	C:\WINDOWS\System32\msvcp_win.dll
0x00007ff868a30000 - 0x00007ff868a60000 	C:\WINDOWS\System32\IMM32.DLL
0x00007ff836250000 - 0x00007ff8362ed000 	C:\Program Files\Android\Android Studio\jre\bin\msvcp140.dll
0x00007ff82bd20000 - 0x00007ff82c7f5000 	C:\Program Files\Android\Android Studio\jre\bin\server\jvm.dll
0x00007ff869800000 - 0x00007ff8698ae000 	C:\WINDOWS\System32\ADVAPI32.dll
0x00007ff8698c0000 - 0x00007ff86995c000 	C:\WINDOWS\System32\sechost.dll
0x00007ff867b80000 - 0x00007ff867ca5000 	C:\WINDOWS\System32\RPCRT4.dll
0x00007ff8698b0000 - 0x00007ff8698b8000 	C:\WINDOWS\System32\PSAPI.DLL
0x00007ff85b010000 - 0x00007ff85b037000 	C:\WINDOWS\SYSTEM32\WINMM.dll
0x00007ff864660000 - 0x00007ff86466a000 	C:\WINDOWS\SYSTEM32\VERSION.dll
0x00007ff864470000 - 0x00007ff864479000 	C:\WINDOWS\SYSTEM32\WSOCK32.dll
0x00007ff869790000 - 0x00007ff8697fb000 	C:\WINDOWS\System32\WS2_32.dll
0x00007ff865b20000 - 0x00007ff865b32000 	C:\WINDOWS\SYSTEM32\kernel.appcore.dll
0x00007ff860c10000 - 0x00007ff860c21000 	C:\Program Files\Android\Android Studio\jre\bin\verify.dll
0x00007ff865720000 - 0x00007ff865904000 	C:\WINDOWS\SYSTEM32\DBGHELP.DLL
0x00007ff85e2d0000 - 0x00007ff85e2fc000 	C:\WINDOWS\SYSTEM32\dbgcore.DLL
0x00007ff867620000 - 0x00007ff8676a2000 	C:\WINDOWS\System32\bcryptPrimitives.dll
0x00007ff860860000 - 0x00007ff860889000 	C:\Program Files\Android\Android Studio\jre\bin\java.dll
0x00007ff861390000 - 0x00007ff86139b000 	C:\Program Files\Android\Android Studio\jre\bin\jimage.dll
0x00007ff85fad0000 - 0x00007ff85fae8000 	C:\Program Files\Android\Android Studio\jre\bin\zip.dll
0x00007ff868230000 - 0x00007ff868974000 	C:\WINDOWS\System32\SHELL32.dll
0x00007ff864ec0000 - 0x00007ff865654000 	C:\WINDOWS\SYSTEM32\windows.storage.dll
0x00007ff868b90000 - 0x00007ff868ee4000 	C:\WINDOWS\System32\combase.dll
0x00007ff866ca0000 - 0x00007ff866ccc000 	C:\WINDOWS\SYSTEM32\Wldp.dll
0x00007ff868980000 - 0x00007ff868a2d000 	C:\WINDOWS\System32\SHCORE.dll
0x00007ff869a00000 - 0x00007ff869a55000 	C:\WINDOWS\System32\shlwapi.dll
0x00007ff867180000 - 0x00007ff86719f000 	C:\WINDOWS\SYSTEM32\profapi.dll
0x00007ff85eec0000 - 0x00007ff85eeda000 	C:\Program Files\Android\Android Studio\jre\bin\net.dll
0x00007ff85bba0000 - 0x00007ff85bcaa000 	C:\WINDOWS\SYSTEM32\WINHTTP.dll
0x00007ff866a00000 - 0x00007ff866a6a000 	C:\WINDOWS\system32\mswsock.dll
0x00007ff85c610000 - 0x00007ff85c624000 	C:\Program Files\Android\Android Studio\jre\bin\nio.dll
0x00007ff84dda0000 - 0x00007ff84ddc7000 	C:\Users\Kyzend\.gradle\native\e1d6ef7f7dcc3fd88c89a11ec53ec762bb8ba0a96d01ffa2cd45eb1d1d8dd5c5\windows-amd64\native-platform.dll
0x00007ff836100000 - 0x00007ff836244000 	C:\Users\Kyzend\.gradle\native\0d407fdbe67a94daf76414ababcb853783967236a71b16ec16e742cd7a986fd3\windows-amd64\native-platform-file-events.dll
0x00007ff861210000 - 0x00007ff86121a000 	C:\Program Files\Android\Android Studio\jre\bin\management.dll
0x00007ff8609e0000 - 0x00007ff8609ed000 	C:\Program Files\Android\Android Studio\jre\bin\management_ext.dll
0x00007ff866bf0000 - 0x00007ff866c08000 	C:\WINDOWS\SYSTEM32\CRYPTSP.dll
0x00007ff866310000 - 0x00007ff866344000 	C:\WINDOWS\system32\rsaenh.dll
0x00007ff8672e0000 - 0x00007ff867307000 	C:\WINDOWS\System32\bcrypt.dll
0x00007ff867140000 - 0x00007ff86716e000 	C:\WINDOWS\SYSTEM32\USERENV.dll
0x00007ff866c10000 - 0x00007ff866c1c000 	C:\WINDOWS\SYSTEM32\CRYPTBASE.dll
0x00007ff8666a0000 - 0x00007ff8666db000 	C:\WINDOWS\SYSTEM32\IPHLPAPI.DLL
0x00007ff869a60000 - 0x00007ff869a68000 	C:\WINDOWS\System32\NSI.dll
0x00007ff85e1c0000 - 0x00007ff85e1d7000 	C:\WINDOWS\SYSTEM32\dhcpcsvc6.DLL
0x00007ff85e4b0000 - 0x00007ff85e4cd000 	C:\WINDOWS\SYSTEM32\dhcpcsvc.DLL
0x00007ff8666e0000 - 0x00007ff8667ab000 	C:\WINDOWS\SYSTEM32\DNSAPI.dll
0x00007ff84fac0000 - 0x00007ff84fae7000 	C:\Program Files\Android\Android Studio\jre\bin\sunec.dll
0x00007ff85e240000 - 0x00007ff85e24a000 	C:\Windows\System32\rasadhlp.dll
0x00007ff85b820000 - 0x00007ff85b8a0000 	C:\WINDOWS\System32\fwpuclnt.dll
0x00007ff846de0000 - 0x00007ff846dfe000 	C:\Users\Kyzend\AppData\Local\Temp\native-platform18416218148605428084dir\native-platform.dll
0x00007ff8537a0000 - 0x00007ff8537a8000 	C:\Program Files\Android\Android Studio\jre\bin\rmi.dll

dbghelp: loaded successfully - version: 4.0.5 - missing functions: none
symbol engine: initialized successfully - sym options: 0x614 - pdb path: .;C:\Program Files\Android\Android Studio\jre\bin;C:\WINDOWS\SYSTEM32;C:\WINDOWS\WinSxS\amd64_microsoft.windows.common-controls_6595b64144ccf1df_6.0.19041.1110_none_60b5254171f9507e;C:\Program Files\Android\Android Studio\jre\bin\server;C:\Users\Kyzend\.gradle\native\e1d6ef7f7dcc3fd88c89a11ec53ec762bb8ba0a96d01ffa2cd45eb1d1d8dd5c5\windows-amd64;C:\Users\Kyzend\.gradle\native\0d407fdbe67a94daf76414ababcb853783967236a71b16ec16e742cd7a986fd3\windows-amd64;C:\Users\Kyzend\AppData\Local\Temp\native-platform18416218148605428084dir

VM Arguments:
jvm_args: --add-opens=java.base/java.util=ALL-UNNAMED --add-opens=java.base/java.lang=ALL-UNNAMED --add-opens=java.base/java.lang.invoke=ALL-UNNAMED --add-opens=java.base/java.util=ALL-UNNAMED --add-opens=java.prefs/java.util.prefs=ALL-UNNAMED --add-opens=java.prefs/java.util.prefs=ALL-UNNAMED --add-opens=java.base/java.nio.charset=ALL-UNNAMED --add-opens=java.base/java.net=ALL-UNNAMED --add-opens=java.base/java.util.concurrent.atomic=ALL-UNNAMED -XX:MaxMetaspaceSize=256m -XX:+HeapDumpOnOutOfMemoryError -Xms256m -Xmx512m -Dfile.encoding=windows-1252 -Duser.country=FR -Duser.language=fr -Duser.variant 
java_command: org.gradle.launcher.daemon.bootstrap.GradleDaemon 7.4
java_class_path (initial): C:\Users\Kyzend\.gradle\wrapper\dists\gradle-7.4-bin\c0gwcg53nkjbqw7r0h0umtfvt\gradle-7.4\lib\gradle-launcher-7.4.jar
Launcher Type: SUN_STANDARD

[Global flags]
     intx CICompilerCount                          = 4                                         {product} {ergonomic}
   size_t CompressedClassSpaceSize                 = 260046848                                 {product} {ergonomic}
     uint ConcGCThreads                            = 2                                         {product} {ergonomic}
     uint G1ConcRefinementThreads                  = 8                                         {product} {ergonomic}
   size_t G1HeapRegionSize                         = 1048576                                   {product} {ergonomic}
    uintx GCDrainStackTargetSize                   = 64                                        {product} {ergonomic}
     bool HeapDumpOnOutOfMemoryError               = true                                   {manageable} {command line}
   size_t InitialHeapSize                          = 268435456                                 {product} {command line}
   size_t MarkStackSize                            = 4194304                                   {product} {ergonomic}
   size_t MaxHeapSize                              = 536870912                                 {product} {command line}
   size_t MaxMetaspaceSize                         = 268435456                                 {product} {command line}
   size_t MaxNewSize                               = 321912832                                 {product} {ergonomic}
   size_t MinHeapDeltaBytes                        = 1048576                                   {product} {ergonomic}
    uintx NonNMethodCodeHeapSize                   = 5836300                                {pd product} {ergonomic}
    uintx NonProfiledCodeHeapSize                  = 122910970                              {pd product} {ergonomic}
    uintx ProfiledCodeHeapSize                     = 122910970                              {pd product} {ergonomic}
    uintx ReservedCodeCacheSize                    = 251658240                              {pd product} {ergonomic}
     bool SegmentedCodeCache                       = true                                      {product} {ergonomic}
     bool UseCompressedClassPointers               = true                                 {lp64_product} {ergonomic}
     bool UseCompressedOops                        = true                                 {lp64_product} {ergonomic}
     bool UseG1GC                                  = true                                      {product} {ergonomic}
     bool UseLargePagesIndividualAllocation        = false                                  {pd product} {ergonomic}

Logging:
Log output configuration:
 #0: stdout all=warning uptime,level,tags
 #1: stderr all=off uptime,level,tags

Environment Variables:
JAVA_HOME=C:\Program Files\Android\Android Studio\jre
PATH=C:\Program Files (x86)\Common Files\Oracle\Java\javapath;C:\Program Files (x86)\Intel\Intel(R) Management Engine Components\iCLS\;C:\Program Files\Intel\Intel(R) Management Engine Components\iCLS\;C:\Windows\system32;C:\Windows;C:\Windows\System32\Wbem;C:\Windows\System32\WindowsPowerShell\v1.0\;C:\Windows\System32\OpenSSH\;C:\Program Files (x86)\NVIDIA Corporation\PhysX\Common;C:\Program Files (x86)\Intel\Intel(R) Management Engine Components\DAL;C:\Program Files\Intel\Intel(R) Management Engine Components\DAL;C:\Program Files (x86)\Intel\Intel(R) Management Engine Components\IPT;C:\Program Files\Intel\Intel(R) Management Engine Components\IPT;C:\Program Files\Intel\WiFi\bin\;C:\Program Files\Common Files\Intel\WirelessCommon\;C:\Program Files\Git\cmd;C:\WINDOWS\system32;C:\WINDOWS;C:\WINDOWS\System32\Wbem;C:\WINDOWS\System32\WindowsPowerShell\v1.0\;C:\WINDOWS\System32\OpenSSH\;C:\Users\Kyzend\AppData\Local\Programs\Python\Python39;C:\Users\Kyzend\AppData\Local\Programs\Python\Python39\Scripts;C:\Program Files\nodejs\;C:\Program Files (x86)\Common Files\Oracle\Java\javapath;C:\Program Files (x86)\Intel\Intel(R) Management Engine Components\iCLS\;C:\Program Files\Intel\Intel(R) Management Engine Components\iCLS\;C:\Windows\system32;C:\Windows;C:\Windows\System32\Wbem;C:\Windows\System32\WindowsPowerShell\v1.0\;C:\Windows\System32\OpenSSH\;C:\Program Files (x86)\NVIDIA Corporation\PhysX\Common;C:\Program Files (x86)\Intel\Intel(R) Management Engine Components\DAL;C:\Program Files\Intel\Intel(R) Management Engine Components\DAL;C:\Program Files (x86)\Intel\Intel(R) Management Engine Components\IPT;C:\Program Files\Intel\Intel(R) Management Engine Components\IPT;C:\Program Files\Intel\WiFi\bin\;C:\Program Files\Common Files\Intel\WirelessCommon\;C:\Program Files\Git\cmd;C:\WINDOWS\system32;C:\WINDOWS;C:\WINDOWS\System32\Wbem;C:\WINDOWS\System32\WindowsPowerShell\v1.0\;C:\WINDOWS\System32\OpenSSH\;C:\Users\Kyzend\AppData\Local\Microsoft\WindowsApps;C:\Users\Kyzend\App
USERNAME=Kyzend
OS=Windows_NT
PROCESSOR_IDENTIFIER=Intel64 Family 6 Model 158 Stepping 10, GenuineIntel



---------------  S Y S T E M  ---------------

OS: Windows 10 , 64 bit Build 19041 (10.0.19041.1706)
OS uptime: 21 days 20:22 hours

CPU:total 8 (initial active 8) (4 cores per cpu, 2 threads per core) family 6 model 158 stepping 10 microcode 0xb4, cmov, cx8, fxsr, mmx, sse, sse2, sse3, ssse3, sse4.1, sse4.2, popcnt, avx, avx2, aes, clmul, erms, 3dnowpref, lzcnt, ht, tsc, tscinvbit, bmi1, bmi2, adx, fma

Memory: 4k page, system-wide physical 8044M (568M free)
TotalPageFile size 32620M (AvailPageFile size 5M)
current process WorkingSet (physical memory assigned to process): 429M, peak: 447M
current process commit charge ("private bytes"): 510M, peak: 531M

vm_info: OpenJDK 64-Bit Server VM (11.0.11+9-b60-7590822) for windows-amd64 JRE (11.0.11+9-b60-7590822), built on Jul 29 2021 21:43:44 by "builder" with MS VC++ 14.0 (VS2015)

END.
